2023-12-29 12:42:29 info: tempDirectory:c:\Users\micha\.vscode\extensions\embold-vscode.embold-0.1.6\temp
2023-12-29 12:42:29 info: Congratulations, your extension "Embold" is now active!
2023-12-29 12:42:29 info: Current Version Of Embold
2023-12-29 12:42:29 info: 0.1.6
2023-12-29 12:42:29 info: Extraction complete for source: c:\Users\micha\.vscode\extensions\embold-vscode.embold-0.1.6\resources\embold-scanner-archive.zip, destination: c:\Users\micha\.vscode\extensions\embold-vscode.embold-0.1.6\temp
2023-12-29 12:42:30 info: Embold extension version response:
2023-12-29 12:42:30 info: {"hasSupport":false,"version":"0.1.6","changeNotes":"<div> <p>Release Date: 09 Oct, 2023 <br><span>Bug fixes and improvements.</span></p> </div>"}
2023-12-29 12:42:30 info: current version : 
2023-12-29 12:42:30 info: latest version : 
2023-12-29 12:43:39 error: SQLITE_ERROR: no such table: issues
2023-12-29 12:43:39 error: SQLITE_ERROR: no such table: issues
2023-12-29 12:43:39 error: SQLITE_ERROR: no such table: issues
2023-12-29 12:43:39 error: SQLITE_ERROR: no such table: issues
2023-12-29 12:43:39 error: SQLITE_ERROR: no such table: issues
2023-12-29 12:43:39 error: SQLITE_ERROR: no such table: issues
2023-12-29 12:43:39 error: SQLITE_ERROR: no such table: issues
2023-12-29 12:43:39 error: SQLITE_ERROR: no such table: issues
2023-12-29 12:43:39 error: SQLITE_ERROR: no such table: issues
2023-12-29 12:43:39 error: SQLITE_ERROR: no such table: issues
2023-12-29 12:43:39 error: SQLITE_ERROR: no such table: issues
2023-12-29 12:43:39 error: SQLITE_ERROR: no such table: issues
2023-12-29 12:43:39 error: SQLITE_ERROR: no such table: issues
2023-12-29 12:43:39 error: SQLITE_ERROR: no such table: issues
2023-12-29 12:43:39 error: SQLITE_ERROR: no such table: issues
2023-12-29 12:43:39 error: SQLITE_ERROR: no such table: issues
2023-12-29 12:43:39 error: SQLITE_ERROR: no such table: issues
2023-12-29 12:43:39 error: SQLITE_ERROR: no such table: issues
2023-12-29 12:43:39 error: SQLITE_ERROR: no such table: issues
2023-12-29 12:43:39 error: SQLITE_ERROR: no such table: issues
2023-12-29 12:43:39 error: SQLITE_ERROR: no such table: issues
2023-12-29 12:43:39 error: SQLITE_ERROR: no such table: issues
2023-12-29 12:43:39 error: SQLITE_ERROR: no such table: issues
2023-12-29 12:43:39 error: SQLITE_ERROR: no such table: issues
2023-12-29 12:43:39 error: SQLITE_ERROR: no such table: issues
2023-12-29 12:43:39 error: SQLITE_ERROR: no such table: issues
2023-12-29 12:43:39 error: SQLITE_ERROR: no such table: issues
2023-12-29 12:43:39 error: SQLITE_ERROR: no such table: issues
2023-12-29 12:43:39 error: SQLITE_ERROR: no such table: issues
2023-12-29 12:43:39 error: SQLITE_ERROR: no such table: issues
2023-12-29 12:43:39 error: SQLITE_ERROR: no such table: issues
2023-12-29 12:43:39 error: SQLITE_ERROR: no such table: issues
2023-12-29 12:43:39 error: SQLITE_ERROR: no such table: issues
2023-12-29 12:43:39 error: SQLITE_ERROR: no such table: issues
2023-12-29 12:43:39 error: SQLITE_ERROR: no such table: issues
2023-12-29 12:43:39 error: SQLITE_ERROR: no such table: issues
2023-12-29 12:43:39 error: SQLITE_ERROR: no such table: issues
2023-12-29 12:43:39 error: SQLITE_ERROR: no such table: issues
2023-12-29 12:43:39 error: SQLITE_ERROR: no such table: issues
2023-12-29 12:43:39 error: SQLITE_ERROR: no such table: issues
2023-12-29 12:43:39 error: SQLITE_ERROR: no such table: issues
2023-12-29 12:43:39 error: SQLITE_ERROR: no such table: issues
2023-12-29 12:43:39 error: SQLITE_ERROR: no such table: issues
2023-12-29 12:43:39 error: SQLITE_ERROR: no such table: issues
2023-12-29 12:43:39 error: SQLITE_ERROR: no such table: issues
2023-12-29 12:43:39 error: SQLITE_ERROR: no such table: issues
2023-12-29 12:43:39 error: SQLITE_ERROR: no such table: issues
2023-12-29 12:43:39 error: SQLITE_ERROR: no such table: issues
2023-12-29 12:43:39 error: SQLITE_ERROR: no such table: issues
2023-12-29 12:43:39 error: SQLITE_ERROR: no such table: issues
2023-12-29 12:43:39 error: SQLITE_ERROR: no such table: issues
2023-12-29 12:43:39 error: SQLITE_ERROR: no such table: issues
2023-12-29 12:43:39 error: SQLITE_ERROR: no such table: issues
2023-12-29 12:43:39 error: SQLITE_ERROR: no such table: issues
2023-12-29 12:43:39 error: SQLITE_ERROR: no such table: issues
2023-12-29 12:43:39 error: SQLITE_ERROR: no such table: issues
2023-12-29 12:43:39 error: SQLITE_ERROR: no such table: issues
2023-12-29 12:43:39 error: SQLITE_ERROR: no such table: issues
2023-12-29 12:43:39 error: SQLITE_ERROR: no such table: issues
2023-12-29 12:43:39 error: SQLITE_ERROR: no such table: issues
2023-12-29 12:43:39 error: SQLITE_ERROR: no such table: issues
2023-12-29 12:43:39 error: SQLITE_ERROR: no such table: issues
2023-12-29 12:43:39 error: SQLITE_ERROR: no such table: issues
2023-12-29 12:43:39 error: SQLITE_ERROR: no such table: issues
2023-12-29 12:43:39 error: SQLITE_ERROR: no such table: issues
2023-12-29 12:43:39 error: SQLITE_ERROR: no such table: issues
2023-12-29 12:43:39 error: SQLITE_ERROR: no such table: issues
2023-12-29 12:43:39 error: SQLITE_ERROR: no such table: issues
2023-12-29 12:43:39 error: SQLITE_ERROR: no such table: issues
2023-12-29 12:43:39 error: SQLITE_ERROR: no such table: issues
2023-12-29 12:43:39 error: SQLITE_ERROR: no such table: issues
2023-12-29 12:43:39 error: SQLITE_ERROR: no such table: issues
2023-12-29 12:43:39 error: SQLITE_ERROR: no such table: issues
2023-12-29 12:43:39 error: SQLITE_ERROR: no such table: issues
2023-12-29 12:43:39 error: SQLITE_ERROR: no such table: issues
2023-12-29 12:43:39 error: SQLITE_ERROR: no such table: issues
2023-12-29 12:43:39 error: SQLITE_ERROR: no such table: issues
2023-12-29 12:43:39 error: SQLITE_ERROR: no such table: issues
2023-12-29 12:43:39 error: SQLITE_ERROR: no such table: issues
2023-12-29 12:43:39 error: SQLITE_ERROR: no such table: issues
2023-12-29 12:43:39 error: SQLITE_ERROR: no such table: issues
2023-12-29 12:43:39 error: SQLITE_ERROR: no such table: issues
2023-12-29 12:43:39 error: SQLITE_ERROR: no such table: issues
2023-12-29 12:43:39 error: SQLITE_ERROR: no such table: issues
2023-12-29 12:43:39 error: SQLITE_ERROR: no such table: issues
2023-12-29 12:43:39 error: SQLITE_ERROR: no such table: issues
2023-12-29 12:43:40 error: SQLITE_ERROR: no such table: issues
2023-12-29 12:43:40 error: SQLITE_ERROR: no such table: issues
2023-12-29 12:43:40 error: SQLITE_ERROR: no such table: issues
2023-12-29 12:43:40 error: SQLITE_ERROR: no such table: issues
2023-12-29 12:43:40 error: SQLITE_ERROR: no such table: issues
2023-12-29 12:43:40 error: SQLITE_ERROR: no such table: issues
2023-12-29 12:43:40 error: SQLITE_ERROR: no such table: issues
2023-12-29 12:43:40 error: SQLITE_ERROR: no such table: issues
2023-12-29 12:43:40 error: SQLITE_ERROR: no such table: issues
2023-12-29 12:43:40 error: SQLITE_ERROR: no such table: issues
2023-12-29 12:43:40 error: SQLITE_ERROR: no such table: issues
2023-12-29 12:43:40 error: SQLITE_ERROR: no such table: issues
2023-12-29 12:43:40 error: SQLITE_ERROR: no such table: issues
2023-12-29 12:43:40 error: SQLITE_ERROR: no such table: issues
2023-12-29 12:43:40 error: SQLITE_ERROR: no such table: issues
2023-12-29 12:43:40 error: SQLITE_ERROR: no such table: issues
2023-12-29 12:43:40 error: SQLITE_ERROR: no such table: issues
2023-12-29 12:43:40 error: SQLITE_ERROR: no such table: issues
2023-12-29 12:43:40 error: SQLITE_ERROR: no such table: issues
2023-12-29 12:43:40 error: SQLITE_ERROR: no such table: issues
2023-12-29 12:43:40 error: SQLITE_ERROR: no such table: issues
2023-12-29 12:43:40 error: SQLITE_ERROR: no such table: issues
2023-12-29 12:43:40 error: SQLITE_ERROR: no such table: issues
2023-12-29 12:43:40 error: SQLITE_ERROR: no such table: issues
2023-12-29 12:43:40 error: SQLITE_ERROR: no such table: issues
2023-12-29 12:43:40 error: SQLITE_ERROR: no such table: issues
2023-12-29 12:43:40 error: SQLITE_ERROR: no such table: issues
2023-12-29 12:43:40 error: SQLITE_ERROR: no such table: issues
2023-12-29 12:43:40 error: SQLITE_ERROR: no such table: issues
2023-12-29 12:43:40 error: SQLITE_ERROR: no such table: issues
2023-12-29 12:43:40 error: SQLITE_ERROR: no such table: issues
2023-12-29 12:43:40 error: SQLITE_ERROR: no such table: issues
2023-12-29 12:43:40 error: SQLITE_ERROR: no such table: issues
2023-12-29 12:43:40 error: SQLITE_ERROR: no such table: issues
2023-12-29 12:43:40 error: SQLITE_ERROR: no such table: issues
2023-12-29 12:43:40 error: SQLITE_ERROR: no such table: issues
2023-12-29 12:43:40 error: SQLITE_ERROR: no such table: issues
2023-12-29 12:43:40 error: SQLITE_ERROR: no such table: issues
2023-12-29 12:43:40 error: SQLITE_ERROR: no such table: issues
2023-12-29 12:43:40 error: SQLITE_ERROR: no such table: issues
2023-12-29 12:43:40 error: SQLITE_ERROR: no such table: issues
2023-12-29 12:43:40 error: SQLITE_ERROR: no such table: issues
2023-12-29 12:43:40 error: SQLITE_ERROR: no such table: issues
2023-12-29 12:43:40 error: SQLITE_ERROR: no such table: issues
2023-12-29 12:43:40 error: SQLITE_ERROR: no such table: issues
2023-12-29 12:43:40 error: SQLITE_ERROR: no such table: issues
2023-12-29 12:43:40 error: SQLITE_ERROR: no such table: issues
2023-12-29 12:43:40 error: SQLITE_ERROR: no such table: issues
2023-12-29 12:43:40 error: SQLITE_ERROR: no such table: issues
2023-12-29 12:43:40 error: SQLITE_ERROR: no such table: issues
2023-12-29 12:43:40 error: SQLITE_ERROR: no such table: issues
2023-12-29 12:43:40 error: SQLITE_ERROR: no such table: issues
2023-12-29 12:43:40 error: SQLITE_ERROR: no such table: issues
2023-12-29 12:43:40 error: SQLITE_ERROR: no such table: issues
2023-12-29 12:43:40 error: SQLITE_ERROR: no such table: issues
2023-12-29 12:43:40 error: SQLITE_ERROR: no such table: issues
2023-12-29 12:43:40 error: SQLITE_ERROR: no such table: issues
2023-12-29 12:43:40 error: SQLITE_ERROR: no such table: issues
2023-12-29 12:43:40 error: SQLITE_ERROR: no such table: issues
2023-12-29 12:43:40 error: SQLITE_ERROR: no such table: issues
2023-12-29 12:43:40 error: SQLITE_ERROR: no such table: issues
2023-12-29 12:43:40 error: SQLITE_ERROR: no such table: issues
2023-12-29 12:43:40 error: SQLITE_ERROR: no such table: issues
2023-12-29 12:43:40 error: SQLITE_ERROR: no such table: issues
2023-12-29 12:43:40 error: SQLITE_ERROR: no such table: issues
2023-12-29 12:43:40 error: SQLITE_ERROR: no such table: issues
2023-12-29 12:43:40 error: SQLITE_ERROR: no such table: issues
2023-12-29 12:43:40 error: SQLITE_ERROR: no such table: issues
2023-12-29 12:43:40 error: SQLITE_ERROR: no such table: issues
2023-12-29 12:43:40 error: SQLITE_ERROR: no such table: issues
2023-12-29 12:43:40 error: SQLITE_ERROR: no such table: issues
2023-12-29 12:43:40 error: SQLITE_ERROR: no such table: issues
2023-12-29 12:43:40 error: SQLITE_ERROR: no such table: issues
2023-12-29 12:43:40 error: SQLITE_ERROR: no such table: issues
2023-12-29 12:43:40 error: SQLITE_ERROR: no such table: issues
2023-12-29 12:43:40 error: SQLITE_ERROR: no such table: issues
2023-12-29 12:43:40 error: SQLITE_ERROR: no such table: issues
2023-12-29 12:43:40 error: SQLITE_ERROR: no such table: issues
2023-12-29 12:43:40 error: SQLITE_ERROR: no such table: issues
2023-12-29 12:43:40 error: SQLITE_ERROR: no such table: issues
2023-12-29 12:43:40 error: SQLITE_ERROR: no such table: issues
2023-12-29 12:43:40 error: SQLITE_ERROR: no such table: issues
2023-12-29 12:43:40 error: SQLITE_ERROR: no such table: issues
2023-12-29 12:43:40 error: SQLITE_ERROR: no such table: issues
2023-12-29 12:43:40 error: SQLITE_ERROR: no such table: issues
2023-12-29 12:43:40 error: SQLITE_ERROR: no such table: issues
2023-12-29 12:43:40 error: SQLITE_ERROR: no such table: issues
2023-12-29 12:43:40 error: SQLITE_ERROR: no such table: issues
2023-12-29 12:43:40 error: SQLITE_ERROR: no such table: issues
2023-12-29 12:43:40 error: SQLITE_ERROR: no such table: issues
2023-12-29 12:43:40 error: SQLITE_ERROR: no such table: issues
2023-12-29 12:43:41 error: SQLITE_ERROR: no such table: issues
2023-12-29 12:43:41 error: SQLITE_ERROR: no such table: issues
2023-12-29 12:43:41 error: SQLITE_ERROR: no such table: issues
2023-12-29 12:43:41 error: SQLITE_ERROR: no such table: issues
2023-12-29 12:43:41 error: SQLITE_ERROR: no such table: issues
2023-12-29 12:43:41 error: SQLITE_ERROR: no such table: issues
2023-12-29 12:43:41 error: SQLITE_ERROR: no such table: issues
2023-12-29 12:43:41 error: SQLITE_ERROR: no such table: issues
2023-12-29 12:43:41 error: SQLITE_ERROR: no such table: issues
2023-12-29 12:43:41 error: SQLITE_ERROR: no such table: issues
2023-12-29 12:43:41 error: SQLITE_ERROR: no such table: issues
2023-12-29 12:43:41 error: SQLITE_ERROR: no such table: issues
2023-12-29 12:43:41 error: SQLITE_ERROR: no such table: issues
2023-12-29 12:43:41 error: SQLITE_ERROR: no such table: issues
2023-12-29 12:43:41 error: SQLITE_ERROR: no such table: issues
2023-12-29 12:43:41 error: SQLITE_ERROR: no such table: issues
2023-12-29 12:43:41 error: SQLITE_ERROR: no such table: issues
2023-12-29 12:43:41 error: SQLITE_ERROR: no such table: issues
2023-12-29 12:43:41 error: SQLITE_ERROR: no such table: issues
2023-12-29 12:43:41 error: SQLITE_ERROR: no such table: issues
2023-12-29 12:43:41 error: SQLITE_ERROR: no such table: issues
2023-12-29 12:43:41 error: SQLITE_ERROR: no such table: issues
2023-12-29 12:43:41 error: SQLITE_ERROR: no such table: issues
2023-12-29 12:43:41 error: SQLITE_ERROR: no such table: issues
2023-12-29 12:43:41 error: SQLITE_ERROR: no such table: issues
2023-12-29 12:43:41 error: SQLITE_ERROR: no such table: issues
2023-12-29 12:43:41 error: SQLITE_ERROR: no such table: issues
2023-12-29 12:43:41 error: SQLITE_ERROR: no such table: issues
2023-12-29 12:43:41 error: SQLITE_ERROR: no such table: issues
2023-12-29 12:43:41 error: SQLITE_ERROR: no such table: issues
2023-12-29 12:43:41 error: SQLITE_ERROR: no such table: issues
2023-12-29 12:43:41 error: SQLITE_ERROR: no such table: issues
2023-12-29 12:43:41 error: SQLITE_ERROR: no such table: issues
2023-12-29 12:43:41 error: SQLITE_ERROR: no such table: issues
2023-12-29 12:43:41 error: SQLITE_ERROR: no such table: issues
2023-12-29 12:43:41 error: SQLITE_ERROR: no such table: issues
2023-12-29 12:43:41 error: SQLITE_ERROR: no such table: issues
2023-12-29 12:43:41 error: SQLITE_ERROR: no such table: issues
2023-12-29 12:43:41 error: SQLITE_ERROR: no such table: issues
2023-12-29 12:43:41 error: SQLITE_ERROR: no such table: issues
2023-12-29 12:43:41 error: SQLITE_ERROR: no such table: issues
2023-12-29 12:43:41 error: SQLITE_ERROR: no such table: issues
2023-12-29 12:43:41 error: SQLITE_ERROR: no such table: issues
2023-12-29 12:43:41 error: SQLITE_ERROR: no such table: issues
2023-12-29 12:43:41 error: SQLITE_ERROR: no such table: issues
2023-12-29 12:43:41 error: SQLITE_ERROR: no such table: issues
2023-12-29 12:43:41 error: SQLITE_ERROR: no such table: issues
2023-12-29 12:43:41 error: SQLITE_ERROR: no such table: issues
2023-12-29 12:43:41 error: SQLITE_ERROR: no such table: issues
2023-12-29 12:43:41 error: SQLITE_ERROR: no such table: issues
2023-12-29 12:43:41 error: SQLITE_ERROR: no such table: issues
2023-12-29 12:43:42 error: SQLITE_ERROR: no such table: issues
2023-12-29 12:43:42 error: SQLITE_ERROR: no such table: issues
2023-12-29 12:43:42 error: SQLITE_ERROR: no such table: issues
2023-12-29 12:43:42 error: SQLITE_ERROR: no such table: issues
2023-12-29 12:43:42 error: SQLITE_ERROR: no such table: issues
2023-12-29 12:43:42 error: SQLITE_ERROR: no such table: issues
2023-12-29 12:43:42 error: SQLITE_ERROR: no such table: issues
2023-12-29 12:43:42 error: SQLITE_ERROR: no such table: issues
2023-12-29 12:43:42 error: SQLITE_ERROR: no such table: issues
2023-12-29 12:43:42 error: SQLITE_ERROR: no such table: issues
2023-12-29 12:43:42 error: SQLITE_ERROR: no such table: issues
2023-12-29 12:43:42 error: SQLITE_ERROR: no such table: issues
2023-12-29 12:43:42 error: SQLITE_ERROR: no such table: issues
2023-12-29 12:43:42 error: SQLITE_ERROR: no such table: issues
2023-12-29 12:43:42 error: SQLITE_ERROR: no such table: issues
2023-12-29 12:43:42 error: SQLITE_ERROR: no such table: issues
2023-12-29 12:43:42 error: SQLITE_ERROR: no such table: issues
2023-12-29 12:43:42 error: SQLITE_ERROR: no such table: issues
2023-12-29 12:43:42 error: SQLITE_ERROR: no such table: issues
2023-12-29 12:43:42 error: SQLITE_ERROR: no such table: issues
2023-12-29 12:43:42 error: SQLITE_ERROR: no such table: issues
2023-12-29 12:43:42 error: SQLITE_ERROR: no such table: issues
2023-12-29 12:43:42 error: SQLITE_ERROR: no such table: issues
2023-12-29 12:43:42 error: SQLITE_ERROR: no such table: issues
2023-12-29 12:43:42 error: SQLITE_ERROR: no such table: issues
2023-12-29 12:43:42 error: SQLITE_ERROR: no such table: issues
2023-12-29 12:43:42 error: SQLITE_ERROR: no such table: issues
2023-12-29 12:43:42 error: SQLITE_ERROR: no such table: issues
2023-12-29 12:43:42 error: SQLITE_ERROR: no such table: issues
2023-12-29 12:43:42 error: SQLITE_ERROR: no such table: issues
2023-12-29 12:43:42 error: SQLITE_ERROR: no such table: issues
2023-12-29 12:43:42 error: SQLITE_ERROR: no such table: issues
2023-12-29 12:43:42 error: SQLITE_ERROR: no such table: issues
2023-12-29 12:43:42 error: SQLITE_ERROR: no such table: issues
2023-12-29 12:43:43 error: SQLITE_ERROR: no such table: issues
2023-12-29 12:43:43 error: SQLITE_ERROR: no such table: issues
2023-12-29 12:43:43 error: SQLITE_ERROR: no such table: issues
2023-12-29 12:43:43 error: SQLITE_ERROR: no such table: issues
2023-12-29 12:43:43 error: SQLITE_ERROR: no such table: issues
2023-12-29 12:43:43 error: SQLITE_ERROR: no such table: issues
2023-12-29 12:43:43 error: SQLITE_ERROR: no such table: issues
2023-12-29 12:43:43 error: SQLITE_ERROR: no such table: issues
2023-12-29 12:43:43 error: SQLITE_ERROR: no such table: issues
2023-12-29 12:43:43 error: SQLITE_ERROR: no such table: issues
2023-12-29 12:43:43 error: SQLITE_ERROR: no such table: issues
2023-12-29 12:43:43 error: SQLITE_ERROR: no such table: issues
2023-12-29 12:43:43 error: SQLITE_ERROR: no such table: issues
2023-12-29 12:43:43 error: SQLITE_ERROR: no such table: issues
2023-12-29 12:43:43 error: SQLITE_ERROR: no such table: issues
2023-12-29 12:43:43 error: SQLITE_ERROR: no such table: issues
2023-12-29 12:43:43 error: SQLITE_ERROR: no such table: issues
2023-12-29 12:43:43 error: SQLITE_ERROR: no such table: issues
2023-12-29 12:43:43 error: SQLITE_ERROR: no such table: issues
2023-12-29 12:43:43 error: SQLITE_ERROR: no such table: issues
2023-12-29 12:43:43 error: SQLITE_ERROR: no such table: issues
2023-12-29 12:43:43 error: SQLITE_ERROR: no such table: issues
2023-12-29 12:43:43 error: SQLITE_ERROR: no such table: issues
2023-12-29 12:43:43 error: SQLITE_ERROR: no such table: issues
2023-12-29 12:43:43 error: SQLITE_ERROR: no such table: issues
2023-12-29 12:43:43 error: SQLITE_ERROR: no such table: issues
2023-12-29 12:43:43 error: SQLITE_ERROR: no such table: issues
2023-12-29 12:43:43 error: SQLITE_ERROR: no such table: issues
2023-12-29 12:43:43 error: SQLITE_ERROR: no such table: issues
2023-12-29 12:43:43 error: SQLITE_ERROR: no such table: issues
2023-12-29 12:43:43 error: SQLITE_ERROR: no such table: issues
2023-12-29 12:43:43 error: SQLITE_ERROR: no such table: issues
2023-12-29 12:43:43 error: SQLITE_ERROR: no such table: issues
2023-12-29 12:43:43 error: SQLITE_ERROR: no such table: issues
2023-12-29 12:43:43 error: SQLITE_ERROR: no such table: issues
2023-12-29 12:43:43 error: SQLITE_ERROR: no such table: issues
2023-12-29 12:43:43 error: SQLITE_ERROR: no such table: issues
2023-12-29 12:43:43 error: SQLITE_ERROR: no such table: issues
2023-12-29 12:43:43 error: SQLITE_ERROR: no such table: issues
2023-12-29 12:43:43 error: SQLITE_ERROR: no such table: issues
2023-12-29 12:43:43 error: SQLITE_ERROR: no such table: issues
2023-12-29 12:43:43 error: SQLITE_ERROR: no such table: issues
2023-12-29 12:43:43 error: SQLITE_ERROR: no such table: issues
2023-12-29 12:43:43 error: SQLITE_ERROR: no such table: issues
2023-12-29 12:43:43 error: SQLITE_ERROR: no such table: issues
2023-12-29 12:43:43 error: SQLITE_ERROR: no such table: issues
2023-12-29 12:43:43 error: SQLITE_ERROR: no such table: issues
2023-12-29 12:43:43 error: SQLITE_ERROR: no such table: issues
2023-12-29 12:43:43 error: SQLITE_ERROR: no such table: issues
2023-12-29 12:43:43 error: SQLITE_ERROR: no such table: issues
2023-12-29 12:43:43 error: SQLITE_ERROR: no such table: issues
2023-12-29 12:43:43 error: SQLITE_ERROR: no such table: issues
2023-12-29 12:43:43 error: SQLITE_ERROR: no such table: issues
2023-12-29 12:43:43 error: SQLITE_ERROR: no such table: issues
2023-12-29 12:43:43 error: SQLITE_ERROR: no such table: issues
2023-12-29 12:43:43 error: SQLITE_ERROR: no such table: issues
2023-12-29 12:43:43 error: SQLITE_ERROR: no such table: issues
2023-12-29 12:43:43 error: SQLITE_ERROR: no such table: issues
2023-12-29 12:43:43 error: SQLITE_ERROR: no such table: issues
2023-12-29 12:43:43 error: SQLITE_ERROR: no such table: issues
2023-12-29 12:43:43 error: SQLITE_ERROR: no such table: issues
2023-12-29 12:43:43 error: SQLITE_ERROR: no such table: issues
2023-12-29 12:43:43 error: SQLITE_ERROR: no such table: issues
2023-12-29 12:43:44 error: SQLITE_ERROR: no such table: issues
2023-12-29 12:43:44 error: SQLITE_ERROR: no such table: issues
2023-12-29 12:43:44 error: SQLITE_ERROR: no such table: issues
2023-12-29 12:43:44 error: SQLITE_ERROR: no such table: issues
2023-12-29 12:43:44 error: SQLITE_ERROR: no such table: issues
2023-12-29 12:43:44 error: SQLITE_ERROR: no such table: issues
2023-12-29 12:43:44 error: SQLITE_ERROR: no such table: issues
2023-12-29 12:43:44 error: SQLITE_ERROR: no such table: issues
2023-12-29 12:43:44 error: SQLITE_ERROR: no such table: issues
2023-12-29 12:43:44 error: SQLITE_ERROR: no such table: issues
2023-12-29 12:43:44 error: SQLITE_ERROR: no such table: issues
2023-12-29 12:43:44 error: SQLITE_ERROR: no such table: issues
2023-12-29 12:43:44 error: SQLITE_ERROR: no such table: issues
2023-12-29 12:43:44 error: SQLITE_ERROR: no such table: issues
2023-12-29 12:43:44 error: SQLITE_ERROR: no such table: issues
2023-12-29 12:43:44 error: SQLITE_ERROR: no such table: issues
2023-12-29 12:43:44 error: SQLITE_ERROR: no such table: issues
2023-12-29 12:43:44 error: SQLITE_ERROR: no such table: issues
2023-12-29 12:43:44 error: SQLITE_ERROR: no such table: issues
2023-12-29 12:43:44 error: SQLITE_ERROR: no such table: issues
2023-12-29 12:43:44 error: SQLITE_ERROR: no such table: issues
2023-12-29 12:43:44 error: SQLITE_ERROR: no such table: issues
2023-12-29 12:43:44 error: SQLITE_ERROR: no such table: issues
2023-12-29 12:43:44 error: SQLITE_ERROR: no such table: issues
2023-12-29 12:43:44 error: SQLITE_ERROR: no such table: issues
2023-12-29 12:43:44 error: SQLITE_ERROR: no such table: issues
2023-12-29 12:43:44 error: SQLITE_ERROR: no such table: issues
2023-12-29 12:43:44 error: SQLITE_ERROR: no such table: issues
2023-12-29 12:43:44 error: SQLITE_ERROR: no such table: issues
2023-12-29 12:43:44 error: SQLITE_ERROR: no such table: issues
2023-12-29 12:43:44 error: SQLITE_ERROR: no such table: issues
2023-12-29 12:43:44 error: SQLITE_ERROR: no such table: issues
2023-12-29 12:43:44 error: SQLITE_ERROR: no such table: issues
2023-12-29 12:43:44 error: SQLITE_ERROR: no such table: issues
2023-12-29 12:43:44 error: SQLITE_ERROR: no such table: issues
2023-12-29 12:43:44 error: SQLITE_ERROR: no such table: issues
2023-12-29 12:43:44 error: SQLITE_ERROR: no such table: issues
2023-12-29 12:43:44 error: SQLITE_ERROR: no such table: issues
2023-12-29 12:43:44 error: SQLITE_ERROR: no such table: issues
2023-12-29 12:43:44 error: SQLITE_ERROR: no such table: issues
2023-12-29 12:43:44 error: SQLITE_ERROR: no such table: issues
2023-12-29 12:43:44 error: SQLITE_ERROR: no such table: issues
2023-12-29 12:43:44 error: SQLITE_ERROR: no such table: issues
2023-12-29 12:43:44 error: SQLITE_ERROR: no such table: issues
2023-12-29 12:43:44 error: SQLITE_ERROR: no such table: issues
2023-12-29 12:43:44 error: SQLITE_ERROR: no such table: issues
2023-12-29 12:43:44 error: SQLITE_ERROR: no such table: issues
2023-12-29 12:43:44 error: SQLITE_ERROR: no such table: issues
2023-12-29 12:43:44 error: SQLITE_ERROR: no such table: issues
2023-12-29 12:43:44 error: SQLITE_ERROR: no such table: issues
2023-12-29 12:43:44 error: SQLITE_ERROR: no such table: issues
2023-12-29 12:43:44 error: SQLITE_ERROR: no such table: issues
2023-12-29 12:43:44 error: SQLITE_ERROR: no such table: issues
2023-12-29 12:43:44 error: SQLITE_ERROR: no such table: issues
2023-12-29 12:43:44 error: SQLITE_ERROR: no such table: issues
2023-12-29 12:43:44 error: SQLITE_ERROR: no such table: issues
2023-12-29 12:43:44 error: SQLITE_ERROR: no such table: issues
2023-12-29 12:43:44 error: SQLITE_ERROR: no such table: issues
2023-12-29 12:43:44 error: SQLITE_ERROR: no such table: issues
2023-12-29 12:43:44 error: SQLITE_ERROR: no such table: issues
2023-12-29 12:43:44 error: SQLITE_ERROR: no such table: issues
2023-12-29 12:43:44 error: SQLITE_ERROR: no such table: issues
2023-12-29 12:43:44 error: SQLITE_ERROR: no such table: issues
2023-12-29 12:43:44 error: SQLITE_ERROR: no such table: issues
2023-12-29 12:43:44 error: SQLITE_ERROR: no such table: issues
2023-12-29 12:43:44 error: SQLITE_ERROR: no such table: issues
2023-12-29 12:43:44 error: SQLITE_ERROR: no such table: issues
2023-12-29 12:43:45 error: SQLITE_ERROR: no such table: issues
2023-12-29 12:43:45 error: SQLITE_ERROR: no such table: issues
2023-12-29 12:43:45 error: SQLITE_ERROR: no such table: issues
2023-12-29 12:43:45 error: SQLITE_ERROR: no such table: issues
2023-12-29 12:43:45 error: SQLITE_ERROR: no such table: issues
2023-12-29 12:43:45 error: SQLITE_ERROR: no such table: issues
2023-12-29 12:43:45 error: SQLITE_ERROR: no such table: issues
2023-12-29 12:43:45 error: SQLITE_ERROR: no such table: issues
2023-12-29 12:43:45 error: SQLITE_ERROR: no such table: issues
2023-12-29 12:43:45 error: SQLITE_ERROR: no such table: issues
2023-12-29 12:43:45 error: SQLITE_ERROR: no such table: issues
2023-12-29 12:43:45 error: SQLITE_ERROR: no such table: issues
2023-12-29 12:43:45 error: SQLITE_ERROR: no such table: issues
2023-12-29 12:43:45 error: SQLITE_ERROR: no such table: issues
2023-12-29 12:43:45 error: SQLITE_ERROR: no such table: issues
2023-12-29 12:43:45 error: SQLITE_ERROR: no such table: issues
2023-12-29 12:43:45 error: SQLITE_ERROR: no such table: issues
2023-12-29 12:43:45 error: SQLITE_ERROR: no such table: issues
2023-12-29 12:43:45 error: SQLITE_ERROR: no such table: issues
2023-12-29 12:43:45 error: SQLITE_ERROR: no such table: issues
2023-12-29 12:43:45 error: SQLITE_ERROR: no such table: issues
2023-12-29 12:43:45 error: SQLITE_ERROR: no such table: issues
2023-12-29 12:43:45 error: SQLITE_ERROR: no such table: issues
2023-12-29 12:43:45 error: SQLITE_ERROR: no such table: issues
2023-12-29 12:43:45 error: SQLITE_ERROR: no such table: issues
2023-12-29 12:43:45 error: SQLITE_ERROR: no such table: issues
2023-12-29 12:43:45 error: SQLITE_ERROR: no such table: issues
2023-12-29 12:43:45 error: SQLITE_ERROR: no such table: issues
2023-12-29 12:43:45 error: SQLITE_ERROR: no such table: issues
2023-12-29 12:43:45 error: SQLITE_ERROR: no such table: issues
2023-12-29 12:43:45 error: SQLITE_ERROR: no such table: issues
2023-12-29 12:43:45 error: SQLITE_ERROR: no such table: issues
2023-12-29 12:43:45 error: SQLITE_ERROR: no such table: issues
2023-12-29 12:43:45 error: SQLITE_ERROR: no such table: issues
2023-12-29 12:43:45 error: SQLITE_ERROR: no such table: issues
2023-12-29 12:43:45 error: SQLITE_ERROR: no such table: issues
2023-12-29 12:43:45 error: SQLITE_ERROR: no such table: issues
2023-12-29 12:43:45 error: SQLITE_ERROR: no such table: issues
2023-12-29 12:43:45 error: SQLITE_ERROR: no such table: issues
2023-12-29 12:43:45 error: SQLITE_ERROR: no such table: issues
2023-12-29 12:43:45 error: SQLITE_ERROR: no such table: issues
2023-12-29 12:43:45 error: SQLITE_ERROR: no such table: issues
2023-12-29 12:43:45 error: SQLITE_ERROR: no such table: issues
2023-12-29 12:43:45 error: SQLITE_ERROR: no such table: issues
2023-12-29 12:43:45 error: SQLITE_ERROR: no such table: issues
2023-12-29 12:43:45 error: SQLITE_ERROR: no such table: issues
2023-12-29 12:43:45 error: SQLITE_ERROR: no such table: issues
2023-12-29 12:43:45 error: SQLITE_ERROR: no such table: issues
2023-12-29 12:43:45 error: SQLITE_ERROR: no such table: issues
2023-12-29 12:43:45 error: SQLITE_ERROR: no such table: issues
2023-12-29 12:43:45 error: SQLITE_ERROR: no such table: issues
2023-12-29 12:43:45 error: SQLITE_ERROR: no such table: issues
2023-12-29 12:43:45 error: SQLITE_ERROR: no such table: issues
2023-12-29 12:43:45 error: SQLITE_ERROR: no such table: issues
2023-12-29 12:44:40 error: SQLITE_ERROR: no such table: issues
2023-12-29 12:44:40 error: SQLITE_ERROR: no such table: issues
2023-12-29 12:44:40 error: SQLITE_ERROR: no such table: issues
2023-12-29 12:44:40 error: SQLITE_ERROR: no such table: issues
2023-12-29 12:44:40 error: SQLITE_ERROR: no such table: issues
2023-12-29 12:44:40 error: SQLITE_ERROR: no such table: issues
2023-12-29 12:44:40 error: SQLITE_ERROR: no such table: issues
2023-12-29 12:44:40 error: SQLITE_ERROR: no such table: issues
2023-12-29 12:44:40 error: SQLITE_ERROR: no such table: issues
2023-12-29 12:44:40 error: SQLITE_ERROR: no such table: issues
2023-12-29 12:44:40 error: SQLITE_ERROR: no such table: issues
2023-12-29 12:44:40 error: SQLITE_ERROR: no such table: issues
2023-12-29 12:44:40 error: SQLITE_ERROR: no such table: issues
2023-12-29 12:44:40 error: SQLITE_ERROR: no such table: issues
2023-12-29 12:44:40 error: SQLITE_ERROR: no such table: issues
2023-12-29 12:44:40 error: SQLITE_ERROR: no such table: issues
2023-12-29 12:44:40 error: SQLITE_ERROR: no such table: issues
2023-12-29 12:44:40 error: SQLITE_ERROR: no such table: issues
2023-12-29 12:44:40 error: SQLITE_ERROR: no such table: issues
2023-12-29 12:44:40 error: SQLITE_ERROR: no such table: issues
2023-12-29 12:44:40 error: SQLITE_ERROR: no such table: issues
2023-12-29 12:44:40 error: SQLITE_ERROR: no such table: issues
2023-12-29 12:44:41 error: SQLITE_ERROR: no such table: issues
2023-12-29 12:44:41 error: SQLITE_ERROR: no such table: issues
2023-12-29 12:44:41 error: SQLITE_ERROR: no such table: issues
2023-12-29 12:44:41 error: SQLITE_ERROR: no such table: issues
2023-12-29 12:44:41 error: SQLITE_ERROR: no such table: issues
2023-12-29 12:44:41 error: SQLITE_ERROR: no such table: issues
2023-12-29 12:44:41 error: SQLITE_ERROR: no such table: issues
2023-12-29 12:44:41 error: SQLITE_ERROR: no such table: issues
2023-12-29 12:44:41 error: SQLITE_ERROR: no such table: issues
2023-12-29 12:44:41 error: SQLITE_ERROR: no such table: issues
2023-12-29 12:44:41 error: SQLITE_ERROR: no such table: issues
2023-12-29 12:44:41 error: SQLITE_ERROR: no such table: issues
2023-12-29 12:44:41 error: SQLITE_ERROR: no such table: issues
2023-12-29 12:44:41 error: SQLITE_ERROR: no such table: issues
2023-12-29 12:44:41 error: SQLITE_ERROR: no such table: issues
2023-12-29 12:44:41 error: SQLITE_ERROR: no such table: issues
2023-12-29 12:44:41 error: SQLITE_ERROR: no such table: issues
2023-12-29 12:44:41 error: SQLITE_ERROR: no such table: issues
2023-12-29 12:44:41 error: SQLITE_ERROR: no such table: issues
2023-12-29 12:44:41 error: SQLITE_ERROR: no such table: issues
2023-12-29 12:44:41 error: SQLITE_ERROR: no such table: issues
2023-12-29 12:44:42 error: SQLITE_ERROR: no such table: issues
2023-12-29 12:44:42 error: SQLITE_ERROR: no such table: issues
2023-12-29 12:44:42 error: SQLITE_ERROR: no such table: issues
2023-12-29 12:44:42 error: SQLITE_ERROR: no such table: issues
2023-12-29 12:44:42 error: SQLITE_ERROR: no such table: issues
2023-12-29 12:44:42 error: SQLITE_ERROR: no such table: issues
2023-12-29 12:44:45 error: SQLITE_ERROR: no such table: issues
2023-12-29 12:44:45 error: SQLITE_ERROR: no such table: issues
2023-12-29 12:44:45 error: SQLITE_ERROR: no such table: issues
2023-12-29 12:44:45 error: SQLITE_ERROR: no such table: issues
2023-12-29 12:44:45 error: SQLITE_ERROR: no such table: issues
2023-12-29 12:44:45 error: SQLITE_ERROR: no such table: issues
2023-12-29 12:44:45 error: SQLITE_ERROR: no such table: issues
2023-12-29 12:44:45 error: SQLITE_ERROR: no such table: issues
2023-12-29 12:44:45 error: SQLITE_ERROR: no such table: issues
2023-12-29 12:44:45 error: SQLITE_ERROR: no such table: issues
2023-12-29 12:44:45 error: SQLITE_ERROR: no such table: issues
2023-12-29 12:44:45 error: SQLITE_ERROR: no such table: issues
2023-12-29 12:44:45 error: SQLITE_ERROR: no such table: issues
2023-12-29 12:44:45 error: SQLITE_ERROR: no such table: issues
2023-12-29 12:44:45 error: SQLITE_ERROR: no such table: issues
2023-12-29 12:44:45 error: SQLITE_ERROR: no such table: issues
2023-12-29 12:44:45 error: SQLITE_ERROR: no such table: issues
2023-12-29 12:44:45 error: SQLITE_ERROR: no such table: issues
2023-12-29 12:44:45 error: SQLITE_ERROR: no such table: issues
2023-12-29 12:44:45 error: SQLITE_ERROR: no such table: issues
2023-12-29 12:44:45 error: SQLITE_ERROR: no such table: issues
2023-12-29 12:44:45 error: SQLITE_ERROR: no such table: issues
2023-12-29 12:44:45 error: SQLITE_ERROR: no such table: issues
2023-12-29 12:44:45 error: SQLITE_ERROR: no such table: issues
2023-12-29 12:44:45 error: SQLITE_ERROR: no such table: issues
2023-12-29 12:44:45 error: SQLITE_ERROR: no such table: issues
2023-12-29 12:44:45 error: SQLITE_ERROR: no such table: issues
2023-12-29 12:44:45 error: SQLITE_ERROR: no such table: issues
2023-12-29 12:44:45 error: SQLITE_ERROR: no such table: issues
2023-12-29 12:44:45 error: SQLITE_ERROR: no such table: issues
2023-12-29 12:44:45 error: SQLITE_ERROR: no such table: issues
2023-12-29 12:44:45 error: SQLITE_ERROR: no such table: issues
2023-12-29 12:44:45 error: SQLITE_ERROR: no such table: issues
2023-12-29 12:44:45 error: SQLITE_ERROR: no such table: issues
2023-12-29 12:44:45 error: SQLITE_ERROR: no such table: issues
2023-12-29 12:44:45 error: SQLITE_ERROR: no such table: issues
2023-12-29 12:44:45 error: SQLITE_ERROR: no such table: issues
2023-12-29 12:44:45 error: SQLITE_ERROR: no such table: issues
2023-12-29 12:44:45 error: SQLITE_ERROR: no such table: issues
2023-12-29 12:44:45 error: SQLITE_ERROR: no such table: issues
2023-12-29 12:44:45 error: SQLITE_ERROR: no such table: issues
2023-12-29 12:44:45 error: SQLITE_ERROR: no such table: issues
2023-12-29 12:44:45 error: SQLITE_ERROR: no such table: issues
2023-12-29 12:44:45 error: SQLITE_ERROR: no such table: issues
2023-12-29 12:44:45 error: SQLITE_ERROR: no such table: issues
2023-12-29 12:44:45 error: SQLITE_ERROR: no such table: issues
2023-12-29 12:44:45 error: SQLITE_ERROR: no such table: issues
2023-12-29 12:44:45 error: SQLITE_ERROR: no such table: issues
2023-12-29 12:44:45 error: SQLITE_ERROR: no such table: issues
2023-12-29 12:44:45 error: SQLITE_ERROR: no such table: issues
2023-12-29 12:44:45 error: SQLITE_ERROR: no such table: issues
2023-12-29 12:44:45 error: SQLITE_ERROR: no such table: issues
2023-12-29 12:44:45 error: SQLITE_ERROR: no such table: issues
2023-12-29 12:44:45 error: SQLITE_ERROR: no such table: issues
2023-12-29 12:44:45 error: SQLITE_ERROR: no such table: issues
2023-12-29 12:44:45 error: SQLITE_ERROR: no such table: issues
2023-12-29 12:44:45 error: SQLITE_ERROR: no such table: issues
2023-12-29 12:44:45 error: SQLITE_ERROR: no such table: issues
2023-12-29 12:44:45 error: SQLITE_ERROR: no such table: issues
2023-12-29 12:44:45 error: SQLITE_ERROR: no such table: issues
2023-12-29 12:44:45 error: SQLITE_ERROR: no such table: issues
2023-12-29 12:44:45 error: SQLITE_ERROR: no such table: issues
2023-12-29 12:44:45 error: SQLITE_ERROR: no such table: issues
2023-12-29 12:44:45 error: SQLITE_ERROR: no such table: issues
2023-12-29 12:44:45 error: SQLITE_ERROR: no such table: issues
2023-12-29 12:44:45 error: SQLITE_ERROR: no such table: issues
2023-12-29 12:44:45 error: SQLITE_ERROR: no such table: issues
2023-12-29 12:44:45 error: SQLITE_ERROR: no such table: issues
2023-12-29 12:44:45 error: SQLITE_ERROR: no such table: issues
2023-12-29 12:44:45 error: SQLITE_ERROR: no such table: issues
2023-12-29 12:44:45 error: SQLITE_ERROR: no such table: issues
2023-12-29 12:44:45 error: SQLITE_ERROR: no such table: issues
2023-12-29 12:44:45 error: SQLITE_ERROR: no such table: issues
2023-12-29 12:44:45 error: SQLITE_ERROR: no such table: issues
2023-12-29 12:44:45 error: SQLITE_ERROR: no such table: issues
2023-12-29 12:44:45 error: SQLITE_ERROR: no such table: issues
2023-12-29 12:44:45 error: SQLITE_ERROR: no such table: issues
2023-12-29 12:44:45 error: SQLITE_ERROR: no such table: issues
2023-12-29 12:44:45 error: SQLITE_ERROR: no such table: issues
2023-12-29 12:44:45 error: SQLITE_ERROR: no such table: issues
2023-12-29 12:44:45 error: SQLITE_ERROR: no such table: issues
2023-12-29 12:44:45 error: SQLITE_ERROR: no such table: issues
2023-12-29 12:44:45 error: SQLITE_ERROR: no such table: issues
2023-12-29 12:44:45 error: SQLITE_ERROR: no such table: issues
2023-12-29 12:44:45 error: SQLITE_ERROR: no such table: issues
2023-12-29 12:44:45 error: SQLITE_ERROR: no such table: issues
2023-12-29 12:44:45 error: SQLITE_ERROR: no such table: issues
2023-12-29 12:44:45 error: SQLITE_ERROR: no such table: issues
2023-12-29 12:44:45 error: SQLITE_ERROR: no such table: issues
2023-12-29 12:44:45 error: SQLITE_ERROR: no such table: issues
2023-12-29 12:44:45 error: SQLITE_ERROR: no such table: issues
2023-12-29 12:44:45 error: SQLITE_ERROR: no such table: issues
2023-12-29 12:44:45 error: SQLITE_ERROR: no such table: issues
2023-12-29 12:44:45 error: SQLITE_ERROR: no such table: issues
2023-12-29 12:44:45 error: SQLITE_ERROR: no such table: issues
2023-12-29 12:44:45 error: SQLITE_ERROR: no such table: issues
2023-12-29 12:44:45 error: SQLITE_ERROR: no such table: issues
2023-12-29 12:44:45 error: SQLITE_ERROR: no such table: issues
2023-12-29 12:44:45 error: SQLITE_ERROR: no such table: issues
2023-12-29 12:44:45 error: SQLITE_ERROR: no such table: issues
2023-12-29 12:44:45 error: SQLITE_ERROR: no such table: issues
2023-12-29 12:44:45 error: SQLITE_ERROR: no such table: issues
2023-12-29 12:44:45 error: SQLITE_ERROR: no such table: issues
2023-12-29 12:44:45 error: SQLITE_ERROR: no such table: issues
2023-12-29 12:44:45 error: SQLITE_ERROR: no such table: issues
2023-12-29 12:44:45 error: SQLITE_ERROR: no such table: issues
2023-12-29 12:44:45 error: SQLITE_ERROR: no such table: issues
2023-12-29 12:44:45 error: SQLITE_ERROR: no such table: issues
2023-12-29 12:44:45 error: SQLITE_ERROR: no such table: issues
2023-12-29 12:44:45 error: SQLITE_ERROR: no such table: issues
2023-12-29 12:44:45 error: SQLITE_ERROR: no such table: issues
2023-12-29 12:44:45 error: SQLITE_ERROR: no such table: issues
2023-12-29 12:44:45 error: SQLITE_ERROR: no such table: issues
2023-12-29 12:44:45 error: SQLITE_ERROR: no such table: issues
2023-12-29 12:44:45 error: SQLITE_ERROR: no such table: issues
2023-12-29 12:44:45 error: SQLITE_ERROR: no such table: issues
2023-12-29 12:44:45 error: SQLITE_ERROR: no such table: issues
2023-12-29 12:44:45 error: SQLITE_ERROR: no such table: issues
2023-12-29 12:44:45 error: SQLITE_ERROR: no such table: issues
2023-12-29 12:44:45 error: SQLITE_ERROR: no such table: issues
2023-12-29 12:44:45 error: SQLITE_ERROR: no such table: issues
2023-12-29 12:44:45 error: SQLITE_ERROR: no such table: issues
2023-12-29 12:44:45 error: SQLITE_ERROR: no such table: issues
2023-12-29 12:44:45 error: SQLITE_ERROR: no such table: issues
2023-12-29 12:44:45 error: SQLITE_ERROR: no such table: issues
2023-12-29 12:44:46 error: SQLITE_ERROR: no such table: issues
2023-12-29 12:44:46 error: SQLITE_ERROR: no such table: issues
2023-12-29 12:44:46 error: SQLITE_ERROR: no such table: issues
2023-12-29 12:44:46 error: SQLITE_ERROR: no such table: issues
2023-12-29 12:44:46 error: SQLITE_ERROR: no such table: issues
2023-12-29 12:44:46 error: SQLITE_ERROR: no such table: issues
2023-12-29 12:44:46 error: SQLITE_ERROR: no such table: issues
2023-12-29 12:44:46 error: SQLITE_ERROR: no such table: issues
2023-12-29 12:44:46 error: SQLITE_ERROR: no such table: issues
2023-12-29 12:44:46 error: SQLITE_ERROR: no such table: issues
2023-12-29 12:44:46 error: SQLITE_ERROR: no such table: issues
2023-12-29 12:44:46 error: SQLITE_ERROR: no such table: issues
2023-12-29 12:44:46 error: SQLITE_ERROR: no such table: issues
2023-12-29 12:44:46 error: SQLITE_ERROR: no such table: issues
2023-12-29 12:44:46 error: SQLITE_ERROR: no such table: issues
2023-12-29 12:44:46 error: SQLITE_ERROR: no such table: issues
2023-12-29 12:44:46 error: SQLITE_ERROR: no such table: issues
2023-12-29 12:44:46 error: SQLITE_ERROR: no such table: issues
2023-12-29 12:44:46 error: SQLITE_ERROR: no such table: issues
2023-12-29 12:44:46 error: SQLITE_ERROR: no such table: issues
2023-12-29 12:44:46 error: SQLITE_ERROR: no such table: issues
2023-12-29 12:44:46 error: SQLITE_ERROR: no such table: issues
2023-12-29 12:44:46 error: SQLITE_ERROR: no such table: issues
2023-12-29 12:44:46 error: SQLITE_ERROR: no such table: issues
2023-12-29 12:44:46 error: SQLITE_ERROR: no such table: issues
2023-12-29 12:44:46 error: SQLITE_ERROR: no such table: issues
2023-12-29 12:44:46 error: SQLITE_ERROR: no such table: issues
2023-12-29 12:44:46 error: SQLITE_ERROR: no such table: issues
2023-12-29 12:44:46 error: SQLITE_ERROR: no such table: issues
2023-12-29 12:44:46 error: SQLITE_ERROR: no such table: issues
2023-12-29 12:44:46 error: SQLITE_ERROR: no such table: issues
2023-12-29 12:44:46 error: SQLITE_ERROR: no such table: issues
2023-12-29 12:44:46 error: SQLITE_ERROR: no such table: issues
2023-12-29 12:44:46 error: SQLITE_ERROR: no such table: issues
2023-12-29 12:44:46 error: SQLITE_ERROR: no such table: issues
2023-12-29 12:44:46 error: SQLITE_ERROR: no such table: issues
2023-12-29 12:44:46 error: SQLITE_ERROR: no such table: issues
2023-12-29 12:44:46 error: SQLITE_ERROR: no such table: issues
2023-12-29 12:44:46 error: SQLITE_ERROR: no such table: issues
2023-12-29 12:44:46 error: SQLITE_ERROR: no such table: issues
2023-12-29 12:44:46 error: SQLITE_ERROR: no such table: issues
2023-12-29 12:44:46 error: SQLITE_ERROR: no such table: issues
2023-12-29 12:44:46 error: SQLITE_ERROR: no such table: issues
2023-12-29 12:44:46 error: SQLITE_ERROR: no such table: issues
2023-12-29 12:44:46 error: SQLITE_ERROR: no such table: issues
2023-12-29 12:44:46 error: SQLITE_ERROR: no such table: issues
2023-12-29 12:44:46 error: SQLITE_ERROR: no such table: issues
2023-12-29 12:44:46 error: SQLITE_ERROR: no such table: issues
2023-12-29 12:44:46 error: SQLITE_ERROR: no such table: issues
2023-12-29 12:44:46 error: SQLITE_ERROR: no such table: issues
2023-12-29 12:44:46 error: SQLITE_ERROR: no such table: issues
2023-12-29 12:44:46 error: SQLITE_ERROR: no such table: issues
2023-12-29 12:44:46 error: SQLITE_ERROR: no such table: issues
2023-12-29 12:44:46 error: SQLITE_ERROR: no such table: issues
2023-12-29 12:44:46 error: SQLITE_ERROR: no such table: issues
2023-12-29 12:44:46 error: SQLITE_ERROR: no such table: issues
2023-12-29 12:44:46 error: SQLITE_ERROR: no such table: issues
2023-12-29 12:44:46 error: SQLITE_ERROR: no such table: issues
2023-12-29 12:44:46 error: SQLITE_ERROR: no such table: issues
2023-12-29 12:44:46 error: SQLITE_ERROR: no such table: issues
2023-12-29 12:44:46 error: SQLITE_ERROR: no such table: issues
2023-12-29 12:44:46 error: SQLITE_ERROR: no such table: issues
2023-12-29 12:44:46 error: SQLITE_ERROR: no such table: issues
2023-12-29 12:44:46 error: SQLITE_ERROR: no such table: issues
2023-12-29 12:44:46 error: SQLITE_ERROR: no such table: issues
2023-12-29 12:44:46 error: SQLITE_ERROR: no such table: issues
2023-12-29 12:44:46 error: SQLITE_ERROR: no such table: issues
2023-12-29 12:44:46 error: SQLITE_ERROR: no such table: issues
2023-12-29 12:44:46 error: SQLITE_ERROR: no such table: issues
2023-12-29 12:44:46 error: SQLITE_ERROR: no such table: issues
2023-12-29 12:44:46 error: SQLITE_ERROR: no such table: issues
2023-12-29 12:44:46 error: SQLITE_ERROR: no such table: issues
2023-12-29 12:44:46 error: SQLITE_ERROR: no such table: issues
2023-12-29 12:44:46 error: SQLITE_ERROR: no such table: issues
2023-12-29 12:44:46 error: SQLITE_ERROR: no such table: issues
2023-12-29 12:44:46 error: SQLITE_ERROR: no such table: issues
2023-12-29 12:44:46 error: SQLITE_ERROR: no such table: issues
2023-12-29 12:44:46 error: SQLITE_ERROR: no such table: issues
2023-12-29 12:44:46 error: SQLITE_ERROR: no such table: issues
2023-12-29 12:44:46 error: SQLITE_ERROR: no such table: issues
2023-12-29 12:44:46 error: SQLITE_ERROR: no such table: issues
2023-12-29 12:44:46 error: SQLITE_ERROR: no such table: issues
2023-12-29 12:44:46 error: SQLITE_ERROR: no such table: issues
2023-12-29 12:44:46 error: SQLITE_ERROR: no such table: issues
2023-12-29 12:44:46 error: SQLITE_ERROR: no such table: issues
2023-12-29 12:44:46 error: SQLITE_ERROR: no such table: issues
2023-12-29 12:44:46 error: SQLITE_ERROR: no such table: issues
2023-12-29 12:44:46 error: SQLITE_ERROR: no such table: issues
2023-12-29 12:44:46 error: SQLITE_ERROR: no such table: issues
2023-12-29 12:44:46 error: SQLITE_ERROR: no such table: issues
2023-12-29 12:44:46 error: SQLITE_ERROR: no such table: issues
2023-12-29 12:44:46 error: SQLITE_ERROR: no such table: issues
2023-12-29 12:44:46 error: SQLITE_ERROR: no such table: issues
2023-12-29 12:44:46 error: SQLITE_ERROR: no such table: issues
2023-12-29 12:44:46 error: SQLITE_ERROR: no such table: issues
2023-12-29 12:44:46 error: SQLITE_ERROR: no such table: issues
2023-12-29 12:44:46 error: SQLITE_ERROR: no such table: issues
2023-12-29 12:44:46 error: SQLITE_ERROR: no such table: issues
2023-12-29 12:44:46 error: SQLITE_ERROR: no such table: issues
2023-12-29 12:44:46 error: SQLITE_ERROR: no such table: issues
2023-12-29 12:44:46 error: SQLITE_ERROR: no such table: issues
2023-12-29 12:44:46 error: SQLITE_ERROR: no such table: issues
2023-12-29 12:44:46 error: SQLITE_ERROR: no such table: issues
2023-12-29 12:44:46 error: SQLITE_ERROR: no such table: issues
2023-12-29 12:44:46 error: SQLITE_ERROR: no such table: issues
2023-12-29 12:44:46 error: SQLITE_ERROR: no such table: issues
2023-12-29 12:44:46 error: SQLITE_ERROR: no such table: issues
2023-12-29 12:44:46 error: SQLITE_ERROR: no such table: issues
2023-12-29 12:44:46 error: SQLITE_ERROR: no such table: issues
2023-12-29 12:44:46 error: SQLITE_ERROR: no such table: issues
2023-12-29 12:44:46 error: SQLITE_ERROR: no such table: issues
2023-12-29 12:44:46 error: SQLITE_ERROR: no such table: issues
2023-12-29 12:44:46 error: SQLITE_ERROR: no such table: issues
2023-12-29 12:44:46 error: SQLITE_ERROR: no such table: issues
2023-12-29 12:44:46 error: SQLITE_ERROR: no such table: issues
2023-12-29 12:44:46 error: SQLITE_ERROR: no such table: issues
2023-12-29 12:44:46 error: SQLITE_ERROR: no such table: issues
2023-12-29 12:44:46 error: SQLITE_ERROR: no such table: issues
2023-12-29 12:44:46 error: SQLITE_ERROR: no such table: issues
2023-12-29 12:44:46 error: SQLITE_ERROR: no such table: issues
2023-12-29 12:44:46 error: SQLITE_ERROR: no such table: issues
2023-12-29 12:44:46 error: SQLITE_ERROR: no such table: issues
2023-12-29 12:44:46 error: SQLITE_ERROR: no such table: issues
2023-12-29 12:44:46 error: SQLITE_ERROR: no such table: issues
2023-12-29 12:44:46 error: SQLITE_ERROR: no such table: issues
2023-12-29 12:44:46 error: SQLITE_ERROR: no such table: issues
2023-12-29 12:44:46 error: SQLITE_ERROR: no such table: issues
2023-12-29 12:44:46 error: SQLITE_ERROR: no such table: issues
2023-12-29 12:44:46 error: SQLITE_ERROR: no such table: issues
2023-12-29 12:44:46 error: SQLITE_ERROR: no such table: issues
2023-12-29 12:44:46 error: SQLITE_ERROR: no such table: issues
2023-12-29 12:44:46 error: SQLITE_ERROR: no such table: issues
2023-12-29 12:44:46 error: SQLITE_ERROR: no such table: issues
2023-12-29 12:44:46 error: SQLITE_ERROR: no such table: issues
2023-12-29 12:44:46 error: SQLITE_ERROR: no such table: issues
2023-12-29 12:44:46 error: SQLITE_ERROR: no such table: issues
2023-12-29 12:44:46 error: SQLITE_ERROR: no such table: issues
2023-12-29 12:44:46 error: SQLITE_ERROR: no such table: issues
2023-12-29 12:44:46 error: SQLITE_ERROR: no such table: issues
2023-12-29 12:44:46 error: SQLITE_ERROR: no such table: issues
2023-12-29 12:44:46 error: SQLITE_ERROR: no such table: issues
2023-12-29 12:44:46 error: SQLITE_ERROR: no such table: issues
2023-12-29 12:44:46 error: SQLITE_ERROR: no such table: issues
2023-12-29 12:44:46 error: SQLITE_ERROR: no such table: issues
2023-12-29 12:44:46 error: SQLITE_ERROR: no such table: issues
2023-12-29 12:44:46 error: SQLITE_ERROR: no such table: issues
2023-12-29 12:44:46 error: SQLITE_ERROR: no such table: issues
2023-12-29 12:44:46 error: SQLITE_ERROR: no such table: issues
2023-12-29 12:44:46 error: SQLITE_ERROR: no such table: issues
2023-12-29 12:44:46 error: SQLITE_ERROR: no such table: issues
2023-12-29 12:44:46 error: SQLITE_ERROR: no such table: issues
2023-12-29 12:44:46 error: SQLITE_ERROR: no such table: issues
2023-12-29 12:44:46 error: SQLITE_ERROR: no such table: issues
2023-12-29 12:44:46 error: SQLITE_ERROR: no such table: issues
2023-12-29 12:44:46 error: SQLITE_ERROR: no such table: issues
2023-12-29 12:44:46 error: SQLITE_ERROR: no such table: issues
2023-12-29 12:44:46 error: SQLITE_ERROR: no such table: issues
2023-12-29 12:44:46 error: SQLITE_ERROR: no such table: issues
2023-12-29 12:44:46 error: SQLITE_ERROR: no such table: issues
2023-12-29 12:44:46 error: SQLITE_ERROR: no such table: issues
2023-12-29 12:44:47 error: SQLITE_ERROR: no such table: issues
2023-12-29 12:44:47 error: SQLITE_ERROR: no such table: issues
2023-12-29 12:44:47 error: SQLITE_ERROR: no such table: issues
2023-12-29 12:44:47 error: SQLITE_ERROR: no such table: issues
2023-12-29 12:44:47 error: SQLITE_ERROR: no such table: issues
2023-12-29 12:44:47 error: SQLITE_ERROR: no such table: issues
2023-12-29 12:44:47 error: SQLITE_ERROR: no such table: issues
2023-12-29 12:44:47 error: SQLITE_ERROR: no such table: issues
2023-12-29 12:44:47 error: SQLITE_ERROR: no such table: issues
2023-12-29 12:44:47 error: SQLITE_ERROR: no such table: issues
2023-12-29 12:44:47 error: SQLITE_ERROR: no such table: issues
2023-12-29 12:44:47 error: SQLITE_ERROR: no such table: issues
2023-12-29 12:44:47 error: SQLITE_ERROR: no such table: issues
2023-12-29 12:44:47 error: SQLITE_ERROR: no such table: issues
2023-12-29 12:44:47 error: SQLITE_ERROR: no such table: issues
2023-12-29 12:44:47 error: SQLITE_ERROR: no such table: issues
2023-12-29 12:44:47 error: SQLITE_ERROR: no such table: issues
2023-12-29 12:44:47 error: SQLITE_ERROR: no such table: issues
2023-12-29 12:44:47 error: SQLITE_ERROR: no such table: issues
2023-12-29 12:44:47 error: SQLITE_ERROR: no such table: issues
2023-12-29 12:44:47 error: SQLITE_ERROR: no such table: issues
2023-12-29 12:44:47 error: SQLITE_ERROR: no such table: issues
2023-12-29 12:44:47 error: SQLITE_ERROR: no such table: issues
2023-12-29 12:44:47 error: SQLITE_ERROR: no such table: issues
2023-12-29 12:44:47 error: SQLITE_ERROR: no such table: issues
2023-12-29 12:44:47 error: SQLITE_ERROR: no such table: issues
2023-12-29 12:44:47 error: SQLITE_ERROR: no such table: issues
2023-12-29 12:44:47 error: SQLITE_ERROR: no such table: issues
2023-12-29 12:44:47 error: SQLITE_ERROR: no such table: issues
2023-12-29 12:44:47 error: SQLITE_ERROR: no such table: issues
2023-12-29 12:44:47 error: SQLITE_ERROR: no such table: issues
2023-12-29 12:44:47 error: SQLITE_ERROR: no such table: issues
2023-12-29 12:44:47 error: SQLITE_ERROR: no such table: issues
2023-12-29 12:44:47 error: SQLITE_ERROR: no such table: issues
2023-12-29 12:44:47 error: SQLITE_ERROR: no such table: issues
2023-12-29 12:44:47 error: SQLITE_ERROR: no such table: issues
2023-12-29 12:44:47 error: SQLITE_ERROR: no such table: issues
2023-12-29 12:44:47 error: SQLITE_ERROR: no such table: issues
2023-12-29 12:44:47 error: SQLITE_ERROR: no such table: issues
2023-12-29 12:44:47 error: SQLITE_ERROR: no such table: issues
2023-12-29 12:44:47 error: SQLITE_ERROR: no such table: issues
2023-12-29 12:44:47 error: SQLITE_ERROR: no such table: issues
2023-12-29 12:44:47 error: SQLITE_ERROR: no such table: issues
2023-12-29 12:44:47 error: SQLITE_ERROR: no such table: issues
2023-12-29 12:44:47 error: SQLITE_ERROR: no such table: issues
2023-12-29 12:44:47 error: SQLITE_ERROR: no such table: issues
2023-12-29 12:44:47 error: SQLITE_ERROR: no such table: issues
2023-12-29 12:44:47 error: SQLITE_ERROR: no such table: issues
2023-12-29 12:44:47 error: SQLITE_ERROR: no such table: issues
2023-12-29 12:44:47 error: SQLITE_ERROR: no such table: issues
2023-12-29 12:44:48 error: SQLITE_ERROR: no such table: issues
2023-12-29 12:44:48 error: SQLITE_ERROR: no such table: issues
2023-12-29 12:44:48 error: SQLITE_ERROR: no such table: issues
2023-12-29 12:44:48 error: SQLITE_ERROR: no such table: issues
2023-12-29 12:44:48 error: SQLITE_ERROR: no such table: issues
2023-12-29 12:44:48 error: SQLITE_ERROR: no such table: issues
2023-12-29 12:44:48 error: SQLITE_ERROR: no such table: issues
2023-12-29 12:44:48 error: SQLITE_ERROR: no such table: issues
2023-12-29 12:44:48 error: SQLITE_ERROR: no such table: issues
2023-12-29 12:44:48 error: SQLITE_ERROR: no such table: issues
2023-12-29 12:44:48 error: SQLITE_ERROR: no such table: issues
2023-12-29 12:44:48 error: SQLITE_ERROR: no such table: issues
2023-12-29 12:44:48 error: SQLITE_ERROR: no such table: issues
2023-12-29 12:44:48 error: SQLITE_ERROR: no such table: issues
2023-12-29 12:44:48 error: SQLITE_ERROR: no such table: issues
2023-12-29 12:44:48 error: SQLITE_ERROR: no such table: issues
2023-12-29 12:44:48 error: SQLITE_ERROR: no such table: issues
2023-12-29 12:44:48 error: SQLITE_ERROR: no such table: issues
2023-12-29 12:44:48 error: SQLITE_ERROR: no such table: issues
2023-12-29 12:44:48 error: SQLITE_ERROR: no such table: issues
2023-12-29 12:44:48 error: SQLITE_ERROR: no such table: issues
2023-12-29 12:44:48 error: SQLITE_ERROR: no such table: issues
2023-12-29 12:44:48 error: SQLITE_ERROR: no such table: issues
2023-12-29 12:44:48 error: SQLITE_ERROR: no such table: issues
2023-12-29 12:44:48 error: SQLITE_ERROR: no such table: issues
2023-12-29 12:44:48 error: SQLITE_ERROR: no such table: issues
2023-12-29 12:44:48 error: SQLITE_ERROR: no such table: issues
2023-12-29 12:44:48 error: SQLITE_ERROR: no such table: issues
2023-12-29 12:44:48 error: SQLITE_ERROR: no such table: issues
2023-12-29 12:44:48 error: SQLITE_ERROR: no such table: issues
2023-12-29 12:44:48 error: SQLITE_ERROR: no such table: issues
2023-12-29 12:44:48 error: SQLITE_ERROR: no such table: issues
2023-12-29 12:44:48 error: SQLITE_ERROR: no such table: issues
2023-12-29 12:44:48 error: SQLITE_ERROR: no such table: issues
2023-12-29 12:44:48 error: SQLITE_ERROR: no such table: issues
2023-12-29 12:44:48 error: SQLITE_ERROR: no such table: issues
2023-12-29 12:44:48 error: SQLITE_ERROR: no such table: issues
2023-12-29 12:44:48 error: SQLITE_ERROR: no such table: issues
2023-12-29 12:44:48 error: SQLITE_ERROR: no such table: issues
2023-12-29 12:44:48 error: SQLITE_ERROR: no such table: issues
2023-12-29 12:44:48 error: SQLITE_ERROR: no such table: issues
2023-12-29 12:44:48 error: SQLITE_ERROR: no such table: issues
2023-12-29 12:44:48 error: SQLITE_ERROR: no such table: issues
2023-12-29 12:44:48 error: SQLITE_ERROR: no such table: issues
2023-12-29 12:44:48 error: SQLITE_ERROR: no such table: issues
2023-12-29 12:44:48 error: SQLITE_ERROR: no such table: issues
2023-12-29 12:44:48 error: SQLITE_ERROR: no such table: issues
2023-12-29 12:44:48 error: SQLITE_ERROR: no such table: issues
2023-12-29 12:44:49 error: SQLITE_ERROR: no such table: issues
2023-12-29 12:44:49 error: SQLITE_ERROR: no such table: issues
2023-12-29 12:44:49 error: SQLITE_ERROR: no such table: issues
2023-12-29 12:44:49 error: SQLITE_ERROR: no such table: issues
2023-12-29 12:44:49 error: SQLITE_ERROR: no such table: issues
2023-12-29 12:44:49 error: SQLITE_ERROR: no such table: issues
2023-12-29 12:44:49 error: SQLITE_ERROR: no such table: issues
2023-12-29 12:44:49 error: SQLITE_ERROR: no such table: issues
2023-12-29 12:44:49 error: SQLITE_ERROR: no such table: issues
2023-12-29 12:44:49 error: SQLITE_ERROR: no such table: issues
2023-12-29 12:44:49 error: SQLITE_ERROR: no such table: issues
2023-12-29 12:44:49 error: SQLITE_ERROR: no such table: issues
2023-12-29 12:44:49 error: SQLITE_ERROR: no such table: issues
2023-12-29 12:44:49 error: SQLITE_ERROR: no such table: issues
2023-12-29 12:44:49 error: SQLITE_ERROR: no such table: issues
2023-12-29 12:44:49 error: SQLITE_ERROR: no such table: issues
2023-12-29 12:44:49 error: SQLITE_ERROR: no such table: issues
2023-12-29 12:44:49 error: SQLITE_ERROR: no such table: issues
2023-12-29 12:44:49 error: SQLITE_ERROR: no such table: issues
2023-12-29 12:44:49 error: SQLITE_ERROR: no such table: issues
2023-12-29 12:44:49 error: SQLITE_ERROR: no such table: issues
2023-12-29 12:44:49 error: SQLITE_ERROR: no such table: issues
2023-12-29 12:44:49 error: SQLITE_ERROR: no such table: issues
2023-12-29 12:44:49 error: SQLITE_ERROR: no such table: issues
2023-12-29 12:44:49 error: SQLITE_ERROR: no such table: issues
2023-12-29 12:44:49 error: SQLITE_ERROR: no such table: issues
2023-12-29 12:44:49 error: SQLITE_ERROR: no such table: issues
2023-12-29 12:44:49 error: SQLITE_ERROR: no such table: issues
2023-12-29 12:44:49 error: SQLITE_ERROR: no such table: issues
2023-12-29 12:44:49 error: SQLITE_ERROR: no such table: issues
2023-12-29 12:44:49 error: SQLITE_ERROR: no such table: issues
2023-12-29 12:44:49 error: SQLITE_ERROR: no such table: issues
2023-12-29 12:44:49 error: SQLITE_ERROR: no such table: issues
2023-12-29 12:44:49 error: SQLITE_ERROR: no such table: issues
2023-12-29 12:44:49 error: SQLITE_ERROR: no such table: issues
2023-12-29 12:44:49 error: SQLITE_ERROR: no such table: issues
2023-12-29 12:44:49 error: SQLITE_ERROR: no such table: issues
2023-12-29 12:44:49 error: SQLITE_ERROR: no such table: issues
2023-12-29 12:44:49 error: SQLITE_ERROR: no such table: issues
2023-12-29 12:44:49 error: SQLITE_ERROR: no such table: issues
2023-12-29 12:44:49 error: SQLITE_ERROR: no such table: issues
2023-12-29 12:44:49 error: SQLITE_ERROR: no such table: issues
2023-12-29 12:44:49 error: SQLITE_ERROR: no such table: issues
2023-12-29 12:44:49 error: SQLITE_ERROR: no such table: issues
2023-12-29 12:44:49 error: SQLITE_ERROR: no such table: issues
2023-12-29 12:44:49 error: SQLITE_ERROR: no such table: issues
2023-12-29 12:44:49 error: SQLITE_ERROR: no such table: issues
2023-12-29 12:44:49 error: SQLITE_ERROR: no such table: issues
2023-12-29 12:44:49 error: SQLITE_ERROR: no such table: issues
2023-12-29 12:44:49 error: SQLITE_ERROR: no such table: issues
2023-12-29 12:44:49 error: SQLITE_ERROR: no such table: issues
2023-12-29 12:44:49 error: SQLITE_ERROR: no such table: issues
2023-12-29 12:44:49 error: SQLITE_ERROR: no such table: issues
2023-12-29 12:44:49 error: SQLITE_ERROR: no such table: issues
2023-12-29 12:44:50 error: SQLITE_ERROR: no such table: issues
2023-12-29 12:44:50 error: SQLITE_ERROR: no such table: issues
2023-12-29 12:44:50 error: SQLITE_ERROR: no such table: issues
2023-12-29 12:44:50 error: SQLITE_ERROR: no such table: issues
2023-12-29 12:44:50 error: SQLITE_ERROR: no such table: issues
2023-12-29 12:44:50 error: SQLITE_ERROR: no such table: issues
2023-12-29 12:44:50 error: SQLITE_ERROR: no such table: issues
2023-12-29 12:44:50 error: SQLITE_ERROR: no such table: issues
2023-12-29 12:44:50 error: SQLITE_ERROR: no such table: issues
2023-12-29 12:44:50 error: SQLITE_ERROR: no such table: issues
2023-12-29 12:44:50 error: SQLITE_ERROR: no such table: issues
2023-12-29 12:44:50 error: SQLITE_ERROR: no such table: issues
2023-12-29 12:44:50 error: SQLITE_ERROR: no such table: issues
2023-12-29 12:44:50 error: SQLITE_ERROR: no such table: issues
2023-12-29 12:44:50 error: SQLITE_ERROR: no such table: issues
2023-12-29 12:44:50 error: SQLITE_ERROR: no such table: issues
2023-12-29 12:44:50 error: SQLITE_ERROR: no such table: issues
2023-12-29 12:44:50 error: SQLITE_ERROR: no such table: issues
2023-12-29 12:44:50 error: SQLITE_ERROR: no such table: issues
2023-12-29 12:44:50 error: SQLITE_ERROR: no such table: issues
2023-12-29 12:44:50 error: SQLITE_ERROR: no such table: issues
2023-12-29 12:44:50 error: SQLITE_ERROR: no such table: issues
2023-12-29 12:44:50 error: SQLITE_ERROR: no such table: issues
2023-12-29 12:44:50 error: SQLITE_ERROR: no such table: issues
2023-12-29 12:44:50 error: SQLITE_ERROR: no such table: issues
2023-12-29 12:44:50 error: SQLITE_ERROR: no such table: issues
2023-12-29 12:44:50 error: SQLITE_ERROR: no such table: issues
2023-12-29 12:44:50 error: SQLITE_ERROR: no such table: issues
2023-12-29 12:44:50 error: SQLITE_ERROR: no such table: issues
2023-12-29 12:44:50 error: SQLITE_ERROR: no such table: issues
2023-12-29 12:44:50 error: SQLITE_ERROR: no such table: issues
2023-12-29 12:44:50 error: SQLITE_ERROR: no such table: issues
2023-12-29 12:44:50 error: SQLITE_ERROR: no such table: issues
2023-12-29 12:44:50 error: SQLITE_ERROR: no such table: issues
2023-12-29 12:44:50 error: SQLITE_ERROR: no such table: issues
2023-12-29 12:44:50 error: SQLITE_ERROR: no such table: issues
2023-12-29 12:44:50 error: SQLITE_ERROR: no such table: issues
2023-12-29 12:44:50 error: SQLITE_ERROR: no such table: issues
2023-12-29 12:44:50 error: SQLITE_ERROR: no such table: issues
2023-12-29 12:44:50 error: SQLITE_ERROR: no such table: issues
2023-12-29 12:44:50 error: SQLITE_ERROR: no such table: issues
2023-12-29 12:44:50 error: SQLITE_ERROR: no such table: issues
2023-12-29 12:44:50 error: SQLITE_ERROR: no such table: issues
2023-12-29 12:44:50 error: SQLITE_ERROR: no such table: issues
2023-12-29 12:44:50 error: SQLITE_ERROR: no such table: issues
2023-12-29 12:44:50 error: SQLITE_ERROR: no such table: issues
2023-12-29 12:44:50 error: SQLITE_ERROR: no such table: issues
2023-12-29 12:44:50 error: SQLITE_ERROR: no such table: issues
2023-12-29 12:44:50 error: SQLITE_ERROR: no such table: issues
2023-12-29 12:44:50 error: SQLITE_ERROR: no such table: issues
2023-12-29 12:44:50 error: SQLITE_ERROR: no such table: issues
2023-12-29 12:44:50 error: SQLITE_ERROR: no such table: issues
2023-12-29 12:44:50 error: SQLITE_ERROR: no such table: issues
2023-12-29 12:44:50 error: SQLITE_ERROR: no such table: issues
2023-12-29 12:44:50 error: SQLITE_ERROR: no such table: issues
2023-12-29 12:44:50 error: SQLITE_ERROR: no such table: issues
2023-12-29 12:44:50 error: SQLITE_ERROR: no such table: issues
2023-12-29 12:44:50 error: SQLITE_ERROR: no such table: issues
2023-12-29 12:44:50 error: SQLITE_ERROR: no such table: issues
2023-12-29 12:44:50 error: SQLITE_ERROR: no such table: issues
2023-12-29 12:44:51 error: SQLITE_ERROR: no such table: issues
2023-12-29 12:44:51 error: SQLITE_ERROR: no such table: issues
2023-12-29 12:44:51 error: SQLITE_ERROR: no such table: issues
2023-12-29 12:44:51 error: SQLITE_ERROR: no such table: issues
2023-12-29 12:44:51 error: SQLITE_ERROR: no such table: issues
2023-12-29 12:44:51 error: SQLITE_ERROR: no such table: issues
2023-12-29 12:44:51 error: SQLITE_ERROR: no such table: issues
2023-12-29 12:44:51 error: SQLITE_ERROR: no such table: issues
2023-12-29 12:44:51 error: SQLITE_ERROR: no such table: issues
2023-12-29 12:44:51 error: SQLITE_ERROR: no such table: issues
2023-12-29 12:44:51 error: SQLITE_ERROR: no such table: issues
2023-12-29 12:44:51 error: SQLITE_ERROR: no such table: issues
2023-12-29 12:44:51 error: SQLITE_ERROR: no such table: issues
2023-12-29 12:44:51 error: SQLITE_ERROR: no such table: issues
2023-12-29 12:44:51 error: SQLITE_ERROR: no such table: issues
2023-12-29 12:44:51 error: SQLITE_ERROR: no such table: issues
2023-12-29 12:44:51 error: SQLITE_ERROR: no such table: issues
2023-12-29 12:44:51 error: SQLITE_ERROR: no such table: issues
2023-12-29 12:44:51 error: SQLITE_ERROR: no such table: issues
2023-12-29 12:44:51 error: SQLITE_ERROR: no such table: issues
2023-12-29 12:44:51 error: SQLITE_ERROR: no such table: issues
2023-12-29 12:44:51 error: SQLITE_ERROR: no such table: issues
2023-12-29 12:44:51 error: SQLITE_ERROR: no such table: issues
2023-12-29 12:44:51 error: SQLITE_ERROR: no such table: issues
2023-12-29 12:44:51 error: SQLITE_ERROR: no such table: issues
2023-12-29 12:44:51 error: SQLITE_ERROR: no such table: issues
2023-12-29 12:44:51 error: SQLITE_ERROR: no such table: issues
2023-12-29 12:44:51 error: SQLITE_ERROR: no such table: issues
2023-12-29 12:44:51 error: SQLITE_ERROR: no such table: issues
2023-12-29 12:44:51 error: SQLITE_ERROR: no such table: issues
2023-12-29 12:44:51 error: SQLITE_ERROR: no such table: issues
2023-12-29 12:44:51 error: SQLITE_ERROR: no such table: issues
2023-12-29 12:44:51 error: SQLITE_ERROR: no such table: issues
2023-12-29 12:44:51 error: SQLITE_ERROR: no such table: issues
2023-12-29 12:44:51 error: SQLITE_ERROR: no such table: issues
2023-12-29 12:44:51 error: SQLITE_ERROR: no such table: issues
2023-12-29 12:44:51 error: SQLITE_ERROR: no such table: issues
2023-12-29 12:44:51 error: SQLITE_ERROR: no such table: issues
2023-12-29 12:44:51 error: SQLITE_ERROR: no such table: issues
2023-12-29 12:44:51 error: SQLITE_ERROR: no such table: issues
2023-12-29 12:44:51 error: SQLITE_ERROR: no such table: issues
2023-12-29 12:44:51 error: SQLITE_ERROR: no such table: issues
2023-12-29 12:44:51 error: SQLITE_ERROR: no such table: issues
2023-12-29 12:44:51 error: SQLITE_ERROR: no such table: issues
2023-12-29 12:44:51 error: SQLITE_ERROR: no such table: issues
2023-12-29 12:44:51 error: SQLITE_ERROR: no such table: issues
2023-12-29 12:44:51 error: SQLITE_ERROR: no such table: issues
2023-12-29 12:44:51 error: SQLITE_ERROR: no such table: issues
2023-12-29 12:44:52 error: SQLITE_ERROR: no such table: issues
2023-12-29 12:44:52 error: SQLITE_ERROR: no such table: issues
2023-12-29 12:44:52 error: SQLITE_ERROR: no such table: issues
2023-12-29 12:44:52 error: SQLITE_ERROR: no such table: issues
2023-12-29 12:44:52 error: SQLITE_ERROR: no such table: issues
2023-12-29 12:44:52 error: SQLITE_ERROR: no such table: issues
2023-12-29 12:44:52 error: SQLITE_ERROR: no such table: issues
2023-12-29 12:44:52 error: SQLITE_ERROR: no such table: issues
2023-12-29 12:44:52 error: SQLITE_ERROR: no such table: issues
2023-12-29 12:44:52 error: SQLITE_ERROR: no such table: issues
2023-12-29 12:44:52 error: SQLITE_ERROR: no such table: issues
2023-12-29 12:44:52 error: SQLITE_ERROR: no such table: issues
2023-12-29 12:44:52 error: SQLITE_ERROR: no such table: issues
2023-12-29 12:44:52 error: SQLITE_ERROR: no such table: issues
2023-12-29 12:44:52 error: SQLITE_ERROR: no such table: issues
2023-12-29 12:44:52 error: SQLITE_ERROR: no such table: issues
2023-12-29 12:44:52 error: SQLITE_ERROR: no such table: issues
2023-12-29 12:44:52 error: SQLITE_ERROR: no such table: issues
2023-12-29 12:44:52 error: SQLITE_ERROR: no such table: issues
2023-12-29 12:44:52 error: SQLITE_ERROR: no such table: issues
2023-12-29 12:44:52 error: SQLITE_ERROR: no such table: issues
2023-12-29 12:44:52 error: SQLITE_ERROR: no such table: issues
2023-12-29 12:44:52 error: SQLITE_ERROR: no such table: issues
2023-12-29 12:44:52 error: SQLITE_ERROR: no such table: issues
2023-12-29 12:44:52 error: SQLITE_ERROR: no such table: issues
2023-12-29 12:44:52 error: SQLITE_ERROR: no such table: issues
2023-12-29 12:44:52 error: SQLITE_ERROR: no such table: issues
2023-12-29 12:44:52 error: SQLITE_ERROR: no such table: issues
2023-12-29 12:44:52 error: SQLITE_ERROR: no such table: issues
2023-12-29 12:44:52 error: SQLITE_ERROR: no such table: issues
2023-12-29 12:44:52 error: SQLITE_ERROR: no such table: issues
2023-12-29 12:44:52 error: SQLITE_ERROR: no such table: issues
2023-12-29 12:44:52 error: SQLITE_ERROR: no such table: issues
2023-12-29 12:44:52 error: SQLITE_ERROR: no such table: issues
2023-12-29 12:44:52 error: SQLITE_ERROR: no such table: issues
2023-12-29 12:44:52 error: SQLITE_ERROR: no such table: issues
2023-12-29 12:44:52 error: SQLITE_ERROR: no such table: issues
2023-12-29 12:44:52 error: SQLITE_ERROR: no such table: issues
2023-12-29 12:44:52 error: SQLITE_ERROR: no such table: issues
2023-12-29 12:44:52 error: SQLITE_ERROR: no such table: issues
2023-12-29 12:44:52 error: SQLITE_ERROR: no such table: issues
2023-12-29 12:44:52 error: SQLITE_ERROR: no such table: issues
2023-12-29 12:44:52 error: SQLITE_ERROR: no such table: issues
2023-12-29 12:44:52 error: SQLITE_ERROR: no such table: issues
2023-12-29 12:44:53 error: SQLITE_ERROR: no such table: issues
2023-12-29 12:44:53 error: SQLITE_ERROR: no such table: issues
2023-12-29 12:44:53 error: SQLITE_ERROR: no such table: issues
2023-12-29 12:44:53 error: SQLITE_ERROR: no such table: issues
2023-12-29 12:44:53 error: SQLITE_ERROR: no such table: issues
2023-12-29 12:44:53 error: SQLITE_ERROR: no such table: issues
2023-12-29 12:44:53 error: SQLITE_ERROR: no such table: issues
2023-12-29 12:44:53 error: SQLITE_ERROR: no such table: issues
2023-12-29 12:44:53 error: SQLITE_ERROR: no such table: issues
2023-12-29 12:44:53 error: SQLITE_ERROR: no such table: issues
2023-12-29 12:44:53 error: SQLITE_ERROR: no such table: issues
2023-12-29 12:44:53 error: SQLITE_ERROR: no such table: issues
2023-12-29 12:44:53 error: SQLITE_ERROR: no such table: issues
2023-12-29 12:44:53 error: SQLITE_ERROR: no such table: issues
2023-12-29 12:44:53 error: SQLITE_ERROR: no such table: issues
2023-12-29 12:44:53 error: SQLITE_ERROR: no such table: issues
2023-12-29 12:44:53 error: SQLITE_ERROR: no such table: issues
2023-12-29 12:44:53 error: SQLITE_ERROR: no such table: issues
2023-12-29 12:44:53 error: SQLITE_ERROR: no such table: issues
2023-12-29 12:44:53 error: SQLITE_ERROR: no such table: issues
2023-12-29 12:44:53 error: SQLITE_ERROR: no such table: issues
2023-12-29 12:44:53 error: SQLITE_ERROR: no such table: issues
2023-12-29 12:44:53 error: SQLITE_ERROR: no such table: issues
2023-12-29 12:44:53 error: SQLITE_ERROR: no such table: issues
2023-12-29 12:44:53 error: SQLITE_ERROR: no such table: issues
2023-12-29 12:44:53 error: SQLITE_ERROR: no such table: issues
2023-12-29 12:44:53 error: SQLITE_ERROR: no such table: issues
2023-12-29 12:44:53 error: SQLITE_ERROR: no such table: issues
2023-12-29 12:44:53 error: SQLITE_ERROR: no such table: issues
2023-12-29 12:44:53 error: SQLITE_ERROR: no such table: issues
2023-12-29 12:44:53 error: SQLITE_ERROR: no such table: issues
2023-12-29 12:44:53 error: SQLITE_ERROR: no such table: issues
2023-12-29 12:44:53 error: SQLITE_ERROR: no such table: issues
2023-12-29 12:44:53 error: SQLITE_ERROR: no such table: issues
2023-12-29 12:44:53 error: SQLITE_ERROR: no such table: issues
2023-12-29 12:44:53 error: SQLITE_ERROR: no such table: issues
2023-12-29 12:44:53 error: SQLITE_ERROR: no such table: issues
2023-12-29 12:44:53 error: SQLITE_ERROR: no such table: issues
2023-12-29 12:44:53 error: SQLITE_ERROR: no such table: issues
2023-12-29 12:44:53 error: SQLITE_ERROR: no such table: issues
2023-12-29 12:44:53 error: SQLITE_ERROR: no such table: issues
2023-12-29 12:44:53 error: SQLITE_ERROR: no such table: issues
2023-12-29 12:44:53 error: SQLITE_ERROR: no such table: issues
2023-12-29 12:44:53 error: SQLITE_ERROR: no such table: issues
2023-12-29 12:44:53 error: SQLITE_ERROR: no such table: issues
2023-12-29 12:44:54 error: SQLITE_ERROR: no such table: issues
2023-12-29 12:44:54 error: SQLITE_ERROR: no such table: issues
2023-12-29 12:44:54 error: SQLITE_ERROR: no such table: issues
2023-12-29 12:44:54 error: SQLITE_ERROR: no such table: issues
2023-12-29 12:44:54 error: SQLITE_ERROR: no such table: issues
2023-12-29 12:44:54 error: SQLITE_ERROR: no such table: issues
2023-12-29 12:44:54 error: SQLITE_ERROR: no such table: issues
2023-12-29 12:44:54 error: SQLITE_ERROR: no such table: issues
2023-12-29 12:44:54 error: SQLITE_ERROR: no such table: issues
2023-12-29 12:44:54 error: SQLITE_ERROR: no such table: issues
2023-12-29 12:44:54 error: SQLITE_ERROR: no such table: issues
2023-12-29 12:44:54 error: SQLITE_ERROR: no such table: issues
2023-12-29 12:44:54 error: SQLITE_ERROR: no such table: issues
2023-12-29 12:44:54 error: SQLITE_ERROR: no such table: issues
2023-12-29 12:44:54 error: SQLITE_ERROR: no such table: issues
2023-12-29 12:44:54 error: SQLITE_ERROR: no such table: issues
2023-12-29 12:44:54 error: SQLITE_ERROR: no such table: issues
2023-12-29 12:44:54 error: SQLITE_ERROR: no such table: issues
2023-12-29 12:44:54 error: SQLITE_ERROR: no such table: issues
2023-12-29 12:44:54 error: SQLITE_ERROR: no such table: issues
2023-12-29 12:44:54 error: SQLITE_ERROR: no such table: issues
2023-12-29 12:44:54 error: SQLITE_ERROR: no such table: issues
2023-12-29 12:44:54 error: SQLITE_ERROR: no such table: issues
2023-12-29 12:44:54 error: SQLITE_ERROR: no such table: issues
2023-12-29 12:44:54 error: SQLITE_ERROR: no such table: issues
2023-12-29 12:44:54 error: SQLITE_ERROR: no such table: issues
2023-12-29 12:44:54 error: SQLITE_ERROR: no such table: issues
2023-12-29 12:44:54 error: SQLITE_ERROR: no such table: issues
2023-12-29 12:44:54 error: SQLITE_ERROR: no such table: issues
2023-12-29 12:44:54 error: SQLITE_ERROR: no such table: issues
2023-12-29 12:44:54 error: SQLITE_ERROR: no such table: issues
2023-12-29 12:44:54 error: SQLITE_ERROR: no such table: issues
2023-12-29 12:44:54 error: SQLITE_ERROR: no such table: issues
2023-12-29 12:44:54 error: SQLITE_ERROR: no such table: issues
2023-12-29 12:44:55 error: SQLITE_ERROR: no such table: issues
2023-12-29 12:44:55 error: SQLITE_ERROR: no such table: issues
2023-12-29 12:44:55 error: SQLITE_ERROR: no such table: issues
2023-12-29 12:44:55 error: SQLITE_ERROR: no such table: issues
2023-12-29 12:44:55 error: SQLITE_ERROR: no such table: issues
2023-12-29 12:44:55 error: SQLITE_ERROR: no such table: issues
2023-12-29 12:44:55 error: SQLITE_ERROR: no such table: issues
2023-12-29 12:44:55 error: SQLITE_ERROR: no such table: issues
2023-12-29 12:44:55 error: SQLITE_ERROR: no such table: issues
2023-12-29 12:44:55 error: SQLITE_ERROR: no such table: issues
2023-12-29 12:44:55 error: SQLITE_ERROR: no such table: issues
2023-12-29 12:44:55 error: SQLITE_ERROR: no such table: issues
2023-12-29 12:44:55 error: SQLITE_ERROR: no such table: issues
2023-12-29 12:44:55 error: SQLITE_ERROR: no such table: issues
2023-12-29 12:44:55 error: SQLITE_ERROR: no such table: issues
2023-12-29 12:44:55 error: SQLITE_ERROR: no such table: issues
2023-12-29 12:44:55 error: SQLITE_ERROR: no such table: issues
2023-12-29 12:44:55 error: SQLITE_ERROR: no such table: issues
2023-12-29 12:44:55 error: SQLITE_ERROR: no such table: issues
2023-12-29 12:44:55 error: SQLITE_ERROR: no such table: issues
2023-12-29 12:44:55 error: SQLITE_ERROR: no such table: issues
2023-12-29 12:44:55 error: SQLITE_ERROR: no such table: issues
2023-12-29 12:44:55 error: SQLITE_ERROR: no such table: issues
2023-12-29 12:44:55 error: SQLITE_ERROR: no such table: issues
2023-12-29 12:44:55 error: SQLITE_ERROR: no such table: issues
2023-12-29 12:44:55 error: SQLITE_ERROR: no such table: issues
2023-12-29 12:44:55 error: SQLITE_ERROR: no such table: issues
2023-12-29 12:44:55 error: SQLITE_ERROR: no such table: issues
2023-12-29 12:44:55 error: SQLITE_ERROR: no such table: issues
2023-12-29 12:44:55 error: SQLITE_ERROR: no such table: issues
2023-12-29 12:44:55 error: SQLITE_ERROR: no such table: issues
2023-12-29 12:44:55 error: SQLITE_ERROR: no such table: issues
2023-12-29 12:44:55 error: SQLITE_ERROR: no such table: issues
2023-12-29 12:44:55 error: SQLITE_ERROR: no such table: issues
2023-12-29 12:44:55 error: SQLITE_ERROR: no such table: issues
2023-12-29 12:44:55 error: SQLITE_ERROR: no such table: issues
2023-12-29 12:44:55 error: SQLITE_ERROR: no such table: issues
2023-12-29 12:44:56 error: SQLITE_ERROR: no such table: issues
2023-12-29 12:44:56 error: SQLITE_ERROR: no such table: issues
2023-12-29 12:44:56 error: SQLITE_ERROR: no such table: issues
2023-12-29 12:44:56 error: SQLITE_ERROR: no such table: issues
2023-12-29 12:44:56 error: SQLITE_ERROR: no such table: issues
2023-12-29 12:44:56 error: SQLITE_ERROR: no such table: issues
2023-12-29 12:44:56 error: SQLITE_ERROR: no such table: issues
2023-12-29 12:44:56 error: SQLITE_ERROR: no such table: issues
2023-12-29 12:44:56 error: SQLITE_ERROR: no such table: issues
2023-12-29 12:44:56 error: SQLITE_ERROR: no such table: issues
2023-12-29 12:44:56 error: SQLITE_ERROR: no such table: issues
2023-12-29 12:44:56 error: SQLITE_ERROR: no such table: issues
2023-12-29 12:44:56 error: SQLITE_ERROR: no such table: issues
2023-12-29 12:44:56 error: SQLITE_ERROR: no such table: issues
2023-12-29 12:44:56 error: SQLITE_ERROR: no such table: issues
2023-12-29 12:44:56 error: SQLITE_ERROR: no such table: issues
2023-12-29 12:44:56 error: SQLITE_ERROR: no such table: issues
2023-12-29 12:44:56 error: SQLITE_ERROR: no such table: issues
2023-12-29 12:44:56 error: SQLITE_ERROR: no such table: issues
2023-12-29 12:44:56 error: SQLITE_ERROR: no such table: issues
2023-12-29 12:44:56 error: SQLITE_ERROR: no such table: issues
2023-12-29 12:44:56 error: SQLITE_ERROR: no such table: issues
2023-12-29 12:44:56 error: SQLITE_ERROR: no such table: issues
2023-12-29 12:44:56 error: SQLITE_ERROR: no such table: issues
2023-12-29 12:44:56 error: SQLITE_ERROR: no such table: issues
2023-12-29 12:44:56 error: SQLITE_ERROR: no such table: issues
2023-12-29 12:44:56 error: SQLITE_ERROR: no such table: issues
2023-12-29 12:44:56 error: SQLITE_ERROR: no such table: issues
2023-12-29 12:44:56 error: SQLITE_ERROR: no such table: issues
2023-12-29 12:44:56 error: SQLITE_ERROR: no such table: issues
2023-12-29 12:44:56 error: SQLITE_ERROR: no such table: issues
2023-12-29 12:44:56 error: SQLITE_ERROR: no such table: issues
2023-12-29 12:44:56 error: SQLITE_ERROR: no such table: issues
2023-12-29 12:44:56 error: SQLITE_ERROR: no such table: issues
2023-12-29 12:44:56 error: SQLITE_ERROR: no such table: issues
2023-12-29 12:44:56 error: SQLITE_ERROR: no such table: issues
2023-12-29 12:44:56 error: SQLITE_ERROR: no such table: issues
2023-12-29 12:44:56 error: SQLITE_ERROR: no such table: issues
2023-12-29 12:44:56 error: SQLITE_ERROR: no such table: issues
2023-12-29 12:44:56 error: SQLITE_ERROR: no such table: issues
2023-12-29 12:44:56 error: SQLITE_ERROR: no such table: issues
2023-12-29 12:44:56 error: SQLITE_ERROR: no such table: issues
2023-12-29 12:44:56 error: SQLITE_ERROR: no such table: issues
2023-12-29 12:44:56 error: SQLITE_ERROR: no such table: issues
2023-12-29 12:44:56 error: SQLITE_ERROR: no such table: issues
2023-12-29 12:44:56 error: SQLITE_ERROR: no such table: issues
2023-12-29 12:44:56 error: SQLITE_ERROR: no such table: issues
2023-12-29 12:44:57 error: SQLITE_ERROR: no such table: issues
2023-12-29 12:44:57 error: SQLITE_ERROR: no such table: issues
2023-12-29 12:44:57 error: SQLITE_ERROR: no such table: issues
2023-12-29 12:44:57 error: SQLITE_ERROR: no such table: issues
2023-12-29 12:44:57 error: SQLITE_ERROR: no such table: issues
2023-12-29 12:44:57 error: SQLITE_ERROR: no such table: issues
2023-12-29 12:44:57 error: SQLITE_ERROR: no such table: issues
2023-12-29 12:44:57 error: SQLITE_ERROR: no such table: issues
2023-12-29 12:44:57 error: SQLITE_ERROR: no such table: issues
2023-12-29 12:44:57 error: SQLITE_ERROR: no such table: issues
2023-12-29 12:44:57 error: SQLITE_ERROR: no such table: issues
2023-12-29 12:44:57 error: SQLITE_ERROR: no such table: issues
2023-12-29 12:44:57 error: SQLITE_ERROR: no such table: issues
2023-12-29 12:44:57 error: SQLITE_ERROR: no such table: issues
2023-12-29 12:44:57 error: SQLITE_ERROR: no such table: issues
2023-12-29 12:44:57 error: SQLITE_ERROR: no such table: issues
2023-12-29 12:44:57 error: SQLITE_ERROR: no such table: issues
2023-12-29 12:44:57 error: SQLITE_ERROR: no such table: issues
2023-12-29 12:44:57 error: SQLITE_ERROR: no such table: issues
2023-12-29 12:44:57 error: SQLITE_ERROR: no such table: issues
2023-12-29 12:44:57 error: SQLITE_ERROR: no such table: issues
2023-12-29 12:44:57 error: SQLITE_ERROR: no such table: issues
2023-12-29 12:44:57 error: SQLITE_ERROR: no such table: issues
2023-12-29 12:44:57 error: SQLITE_ERROR: no such table: issues
2023-12-29 12:44:57 error: SQLITE_ERROR: no such table: issues
2023-12-29 12:44:57 error: SQLITE_ERROR: no such table: issues
2023-12-29 12:44:57 error: SQLITE_ERROR: no such table: issues
2023-12-29 12:44:57 error: SQLITE_ERROR: no such table: issues
2023-12-29 12:44:57 error: SQLITE_ERROR: no such table: issues
2023-12-29 12:44:57 error: SQLITE_ERROR: no such table: issues
2023-12-29 12:44:57 error: SQLITE_ERROR: no such table: issues
2023-12-29 12:44:57 error: SQLITE_ERROR: no such table: issues
2023-12-29 12:44:57 error: SQLITE_ERROR: no such table: issues
2023-12-29 12:44:57 error: SQLITE_ERROR: no such table: issues
2023-12-29 12:44:57 error: SQLITE_ERROR: no such table: issues
2023-12-29 12:44:57 error: SQLITE_ERROR: no such table: issues
2023-12-29 12:44:57 error: SQLITE_ERROR: no such table: issues
2023-12-29 12:44:57 error: SQLITE_ERROR: no such table: issues
2023-12-29 12:44:57 error: SQLITE_ERROR: no such table: issues
2023-12-29 12:44:57 error: SQLITE_ERROR: no such table: issues
2023-12-29 12:44:57 error: SQLITE_ERROR: no such table: issues
2023-12-29 12:44:57 error: SQLITE_ERROR: no such table: issues
2023-12-29 12:44:57 error: SQLITE_ERROR: no such table: issues
2023-12-29 12:44:57 error: SQLITE_ERROR: no such table: issues
2023-12-29 12:44:57 error: SQLITE_ERROR: no such table: issues
2023-12-29 12:44:57 error: SQLITE_ERROR: no such table: issues
2023-12-29 12:44:57 error: SQLITE_ERROR: no such table: issues
2023-12-29 12:44:57 error: SQLITE_ERROR: no such table: issues
2023-12-29 12:44:57 error: SQLITE_ERROR: no such table: issues
2023-12-29 12:44:57 error: SQLITE_ERROR: no such table: issues
2023-12-29 12:44:57 error: SQLITE_ERROR: no such table: issues
2023-12-29 12:44:57 error: SQLITE_ERROR: no such table: issues
2023-12-29 12:44:57 error: SQLITE_ERROR: no such table: issues
2023-12-29 12:44:57 error: SQLITE_ERROR: no such table: issues
2023-12-29 12:44:57 error: SQLITE_ERROR: no such table: issues
2023-12-29 12:44:57 error: SQLITE_ERROR: no such table: issues
2023-12-29 12:44:57 error: SQLITE_ERROR: no such table: issues
2023-12-29 12:44:57 error: SQLITE_ERROR: no such table: issues
2023-12-29 12:44:57 error: SQLITE_ERROR: no such table: issues
2023-12-29 12:44:57 error: SQLITE_ERROR: no such table: issues
2023-12-29 12:44:57 error: SQLITE_ERROR: no such table: issues
2023-12-29 12:44:57 error: SQLITE_ERROR: no such table: issues
2023-12-29 12:48:44 error: SQLITE_ERROR: no such table: issues
2023-12-29 12:48:44 error: SQLITE_ERROR: no such table: issues
2023-12-29 12:48:45 error: SQLITE_ERROR: no such table: issues
2023-12-29 13:12:04 error: SQLITE_ERROR: no such table: issues
2023-12-29 13:21:09 error: SQLITE_ERROR: no such table: issues
2023-12-29 13:21:09 error: SQLITE_ERROR: no such table: issues
2023-12-29 13:21:09 error: SQLITE_ERROR: no such table: issues
2023-12-29 13:21:09 error: SQLITE_ERROR: no such table: issues
2023-12-29 13:22:00 error: SQLITE_ERROR: no such table: issues
2023-12-29 13:28:17 error: SQLITE_ERROR: no such table: issues
2023-12-29 13:28:18 error: SQLITE_ERROR: no such table: issues
2023-12-29 13:28:38 error: SQLITE_ERROR: no such table: issues
2023-12-29 13:40:52 error: SQLITE_ERROR: no such table: issues
2023-12-29 13:40:55 error: SQLITE_ERROR: no such table: issues
2023-12-29 13:40:59 error: SQLITE_ERROR: no such table: issues
2023-12-29 13:41:01 error: SQLITE_ERROR: no such table: issues
2023-12-29 13:41:03 error: SQLITE_ERROR: no such table: issues
2023-12-29 13:41:03 error: SQLITE_ERROR: no such table: issues
2023-12-29 13:41:03 error: SQLITE_ERROR: no such table: issues
2023-12-29 13:41:03 error: SQLITE_ERROR: no such table: issues
2023-12-29 13:41:03 error: SQLITE_ERROR: no such table: issues
2023-12-29 13:41:04 error: SQLITE_ERROR: no such table: issues
2023-12-29 13:42:02 error: SQLITE_ERROR: no such table: issues
2023-12-29 13:46:18 error: SQLITE_ERROR: no such table: issues
2023-12-29 13:46:24 error: SQLITE_ERROR: no such table: issues
2023-12-29 15:09:04 error: SQLITE_ERROR: no such table: issues
2023-12-29 15:09:31 error: SQLITE_ERROR: no such table: issues
2023-12-29 15:09:39 error: SQLITE_ERROR: no such table: issues
2023-12-29 15:09:45 error: SQLITE_ERROR: no such table: issues
2023-12-29 15:09:51 error: SQLITE_ERROR: no such table: issues
2023-12-29 15:15:18 error: SQLITE_ERROR: no such table: issues
2023-12-29 15:15:21 error: SQLITE_ERROR: no such table: issues
2023-12-29 15:47:58 error: SQLITE_ERROR: no such table: issues
2023-12-29 15:47:59 error: SQLITE_ERROR: no such table: issues
2023-12-29 15:48:03 error: SQLITE_ERROR: no such table: issues
2023-12-29 15:48:10 error: SQLITE_ERROR: no such table: issues
2023-12-29 15:54:21 error: SQLITE_ERROR: no such table: issues
2023-12-29 16:09:01 error: SQLITE_ERROR: no such table: issues
2023-12-29 16:40:03 error: SQLITE_ERROR: no such table: issues
2023-12-29 17:45:01 error: SQLITE_ERROR: no such table: issues
2023-12-29 17:45:01 error: SQLITE_ERROR: no such table: issues
2023-12-29 17:50:08 error: SQLITE_ERROR: no such table: issues
2023-12-29 17:53:32 error: SQLITE_ERROR: no such table: issues
2023-12-29 17:53:39 error: SQLITE_ERROR: no such table: issues
